2019-12-29 17:58:57,455 ERROR 15136 nodejs.unhandledExceptionError: read ECONNRESET
    at TCP.onStreamRead (internal/stream_base_commons.js:201:27)
errno: "ECONNRESET"
code: "ECONNRESET"
syscall: "read"
name: "unhandledExceptionError"
pid: 15136
hostname: LAPTOP-FKOQDFD9

2019-12-29 19:13:05,096 ERROR 15136 nodejs.unhandledExceptionError: read ECONNRESET
    at TCP.onStreamRead (internal/stream_base_commons.js:201:27)
errno: "ECONNRESET"
code: "ECONNRESET"
syscall: "read"
name: "unhandledExceptionError"
pid: 15136
hostname: LAPTOP-FKOQDFD9

2019-12-29 21:04:03,665 ERROR 15136 nodejs.unhandledExceptionError: read ECONNRESET
    at TCP.onStreamRead (internal/stream_base_commons.js:201:27)
errno: "ECONNRESET"
code: "ECONNRESET"
syscall: "read"
name: "unhandledExceptionError"
pid: 15136
hostname: LAPTOP-FKOQDFD9

2019-12-30 10:45:31,407 ERROR 4796 nodejs.unhandledExceptionError: read ECONNRESET
    at TCP.onStreamRead (internal/stream_base_commons.js:201:27)
errno: "ECONNRESET"
code: "ECONNRESET"
syscall: "read"
name: "unhandledExceptionError"
pid: 4796
hostname: LAPTOP-FKOQDFD9

2019-12-31 11:50:06,982 ERROR 32016 nodejs.unhandledExceptionError: read ECONNRESET
    at TCP.onStreamRead (internal/stream_base_commons.js:201:27)
errno: "ECONNRESET"
code: "ECONNRESET"
syscall: "read"
name: "unhandledExceptionError"
pid: 32016
hostname: LAPTOP-FKOQDFD9

2019-12-31 16:12:49,894 ERROR 32016 nodejs.unhandledExceptionError: read ECONNRESET
    at TCP.onStreamRead (internal/stream_base_commons.js:201:27)
errno: "ECONNRESET"
code: "ECONNRESET"
syscall: "read"
name: "unhandledExceptionError"
pid: 32016
hostname: LAPTOP-FKOQDFD9

2020-01-02 10:44:47,334 ERROR 18376 [-/127.0.0.1/-/4ms POST /v1/isCollection] nodejs.CastError: Cast to string failed for value "{ id: '238bc2e023844769a6b67d9a4c04b2ea' }" at path "cid" for model "Collection"
    at new CastError (D:\前端\project\mall\server\node_modules\mongoose\lib\error\cast.js:39:11)
    at SchemaString.cast (D:\前端\project\mall\server\node_modules\mongoose\lib\schema\string.js:583:11)
    at SchemaString.SchemaType.applySetters (D:\前端\project\mall\server\node_modules\mongoose\lib\schematype.js:975:12)
    at SchemaString.SchemaType._castForQuery (D:\前端\project\mall\server\node_modules\mongoose\lib\schematype.js:1389:15)
    at SchemaString.castForQuery (D:\前端\project\mall\server\node_modules\mongoose\lib\schema\string.js:645:15)
    at SchemaString.SchemaType.castForQueryWrapper (D:\前端\project\mall\server\node_modules\mongoose\lib\schematype.js:1358:15)
    at cast (D:\前端\project\mall\server\node_modules\mongoose\lib\cast.js:260:34)
    at model.Query.Query.cast (D:\前端\project\mall\server\node_modules\mongoose\lib\query.js:4698:12)
    at model.Query.Query._castConditions (D:\前端\project\mall\server\node_modules\mongoose\lib\query.js:1876:10)
    at model.Query.<anonymous> (D:\前端\project\mall\server\node_modules\mongoose\lib\query.js:2131:8)
    at model.Query._wrappedThunk [as _findOne] (D:\前端\project\mall\server\node_modules\mongoose\lib\helpers\query\wrapThunk.js:16:8)
    at D:\前端\project\mall\server\node_modules\kareem\index.js:369:33
    at processTicksAndRejections (internal/process/task_queues.js:75:11)
stringValue: "\"{ id: '238bc2e023844769a6b67d9a4c04b2ea' }\""
kind: "string"
value: {"id":"238bc2e023844769a6b67d9a4c04b2ea"}
path: "cid"
reason: null
message: "Cast to string failed for value \"{ id: '238bc2e023844769a6b67d9a4c04b2ea' }\" at path \"cid\" for model \"Collection\""
name: "CastError"
model: undefined
pid: 18376
hostname: LAPTOP-FKOQDFD9

2020-01-02 10:44:50,363 ERROR 18376 [-/127.0.0.1/-/1ms POST /v1/isCollection] nodejs.CastError: Cast to string failed for value "{}" at path "cid" for model "Collection"
    at new CastError (D:\前端\project\mall\server\node_modules\mongoose\lib\error\cast.js:39:11)
    at SchemaString.cast (D:\前端\project\mall\server\node_modules\mongoose\lib\schema\string.js:583:11)
    at SchemaString.SchemaType.applySetters (D:\前端\project\mall\server\node_modules\mongoose\lib\schematype.js:975:12)
    at SchemaString.SchemaType._castForQuery (D:\前端\project\mall\server\node_modules\mongoose\lib\schematype.js:1389:15)
    at SchemaString.castForQuery (D:\前端\project\mall\server\node_modules\mongoose\lib\schema\string.js:645:15)
    at SchemaString.SchemaType.castForQueryWrapper (D:\前端\project\mall\server\node_modules\mongoose\lib\schematype.js:1358:15)
    at cast (D:\前端\project\mall\server\node_modules\mongoose\lib\cast.js:260:34)
    at model.Query.Query.cast (D:\前端\project\mall\server\node_modules\mongoose\lib\query.js:4698:12)
    at model.Query.Query._castConditions (D:\前端\project\mall\server\node_modules\mongoose\lib\query.js:1876:10)
    at model.Query.<anonymous> (D:\前端\project\mall\server\node_modules\mongoose\lib\query.js:2131:8)
    at model.Query._wrappedThunk [as _findOne] (D:\前端\project\mall\server\node_modules\mongoose\lib\helpers\query\wrapThunk.js:16:8)
    at D:\前端\project\mall\server\node_modules\kareem\index.js:369:33
    at processTicksAndRejections (internal/process/task_queues.js:75:11)
stringValue: "\"{}\""
kind: "string"
value: {}
path: "cid"
reason: null
message: "Cast to string failed for value \"{}\" at path \"cid\" for model \"Collection\""
name: "CastError"
model: undefined
pid: 18376
hostname: LAPTOP-FKOQDFD9

2020-01-02 10:44:51,809 ERROR 18376 [-/127.0.0.1/-/2ms POST /v1/isCollection] nodejs.CastError: Cast to string failed for value "{ id: '238bc2e023844769a6b67d9a4c04b2ea' }" at path "cid" for model "Collection"
    at new CastError (D:\前端\project\mall\server\node_modules\mongoose\lib\error\cast.js:39:11)
    at SchemaString.cast (D:\前端\project\mall\server\node_modules\mongoose\lib\schema\string.js:583:11)
    at SchemaString.SchemaType.applySetters (D:\前端\project\mall\server\node_modules\mongoose\lib\schematype.js:975:12)
    at SchemaString.SchemaType._castForQuery (D:\前端\project\mall\server\node_modules\mongoose\lib\schematype.js:1389:15)
    at SchemaString.castForQuery (D:\前端\project\mall\server\node_modules\mongoose\lib\schema\string.js:645:15)
    at SchemaString.SchemaType.castForQueryWrapper (D:\前端\project\mall\server\node_modules\mongoose\lib\schematype.js:1358:15)
    at cast (D:\前端\project\mall\server\node_modules\mongoose\lib\cast.js:260:34)
    at model.Query.Query.cast (D:\前端\project\mall\server\node_modules\mongoose\lib\query.js:4698:12)
    at model.Query.Query._castConditions (D:\前端\project\mall\server\node_modules\mongoose\lib\query.js:1876:10)
    at model.Query.<anonymous> (D:\前端\project\mall\server\node_modules\mongoose\lib\query.js:2131:8)
    at model.Query._wrappedThunk [as _findOne] (D:\前端\project\mall\server\node_modules\mongoose\lib\helpers\query\wrapThunk.js:16:8)
    at D:\前端\project\mall\server\node_modules\kareem\index.js:369:33
    at processTicksAndRejections (internal/process/task_queues.js:75:11)
stringValue: "\"{ id: '238bc2e023844769a6b67d9a4c04b2ea' }\""
kind: "string"
value: {"id":"238bc2e023844769a6b67d9a4c04b2ea"}
path: "cid"
reason: null
message: "Cast to string failed for value \"{ id: '238bc2e023844769a6b67d9a4c04b2ea' }\" at path \"cid\" for model \"Collection\""
name: "CastError"
model: undefined
pid: 18376
hostname: LAPTOP-FKOQDFD9

2020-01-02 10:44:59,718 ERROR 18376 [-/127.0.0.1/-/1ms POST /v1/isCollection] nodejs.CastError: Cast to string failed for value "{}" at path "cid" for model "Collection"
    at new CastError (D:\前端\project\mall\server\node_modules\mongoose\lib\error\cast.js:39:11)
    at SchemaString.cast (D:\前端\project\mall\server\node_modules\mongoose\lib\schema\string.js:583:11)
    at SchemaString.SchemaType.applySetters (D:\前端\project\mall\server\node_modules\mongoose\lib\schematype.js:975:12)
    at SchemaString.SchemaType._castForQuery (D:\前端\project\mall\server\node_modules\mongoose\lib\schematype.js:1389:15)
    at SchemaString.castForQuery (D:\前端\project\mall\server\node_modules\mongoose\lib\schema\string.js:645:15)
    at SchemaString.SchemaType.castForQueryWrapper (D:\前端\project\mall\server\node_modules\mongoose\lib\schematype.js:1358:15)
    at cast (D:\前端\project\mall\server\node_modules\mongoose\lib\cast.js:260:34)
    at model.Query.Query.cast (D:\前端\project\mall\server\node_modules\mongoose\lib\query.js:4698:12)
    at model.Query.Query._castConditions (D:\前端\project\mall\server\node_modules\mongoose\lib\query.js:1876:10)
    at model.Query.<anonymous> (D:\前端\project\mall\server\node_modules\mongoose\lib\query.js:2131:8)
    at model.Query._wrappedThunk [as _findOne] (D:\前端\project\mall\server\node_modules\mongoose\lib\helpers\query\wrapThunk.js:16:8)
    at D:\前端\project\mall\server\node_modules\kareem\index.js:369:33
    at processTicksAndRejections (internal/process/task_queues.js:75:11)
stringValue: "\"{}\""
kind: "string"
value: {}
path: "cid"
reason: null
message: "Cast to string failed for value \"{}\" at path \"cid\" for model \"Collection\""
name: "CastError"
model: undefined
pid: 18376
hostname: LAPTOP-FKOQDFD9

2020-01-02 10:45:02,071 ERROR 18376 [-/127.0.0.1/-/1ms POST /v1/isCollection] nodejs.CastError: Cast to string failed for value "{ id: '238bc2e023844769a6b67d9a4c04b2ea' }" at path "cid" for model "Collection"
    at new CastError (D:\前端\project\mall\server\node_modules\mongoose\lib\error\cast.js:39:11)
    at SchemaString.cast (D:\前端\project\mall\server\node_modules\mongoose\lib\schema\string.js:583:11)
    at SchemaString.SchemaType.applySetters (D:\前端\project\mall\server\node_modules\mongoose\lib\schematype.js:975:12)
    at SchemaString.SchemaType._castForQuery (D:\前端\project\mall\server\node_modules\mongoose\lib\schematype.js:1389:15)
    at SchemaString.castForQuery (D:\前端\project\mall\server\node_modules\mongoose\lib\schema\string.js:645:15)
    at SchemaString.SchemaType.castForQueryWrapper (D:\前端\project\mall\server\node_modules\mongoose\lib\schematype.js:1358:15)
    at cast (D:\前端\project\mall\server\node_modules\mongoose\lib\cast.js:260:34)
    at model.Query.Query.cast (D:\前端\project\mall\server\node_modules\mongoose\lib\query.js:4698:12)
    at model.Query.Query._castConditions (D:\前端\project\mall\server\node_modules\mongoose\lib\query.js:1876:10)
    at model.Query.<anonymous> (D:\前端\project\mall\server\node_modules\mongoose\lib\query.js:2131:8)
    at model.Query._wrappedThunk [as _findOne] (D:\前端\project\mall\server\node_modules\mongoose\lib\helpers\query\wrapThunk.js:16:8)
    at D:\前端\project\mall\server\node_modules\kareem\index.js:369:33
    at processTicksAndRejections (internal/process/task_queues.js:75:11)
stringValue: "\"{ id: '238bc2e023844769a6b67d9a4c04b2ea' }\""
kind: "string"
value: {"id":"238bc2e023844769a6b67d9a4c04b2ea"}
path: "cid"
reason: null
message: "Cast to string failed for value \"{ id: '238bc2e023844769a6b67d9a4c04b2ea' }\" at path \"cid\" for model \"Collection\""
name: "CastError"
model: undefined
pid: 18376
hostname: LAPTOP-FKOQDFD9

2020-01-02 10:47:28,654 ERROR 18376 [-/127.0.0.1/-/1ms POST /v1/isCollection] nodejs.CastError: Cast to string failed for value "{ id: '238bc2e023844769a6b67d9a4c04b2ea' }" at path "cid" for model "Collection"
    at new CastError (D:\前端\project\mall\server\node_modules\mongoose\lib\error\cast.js:39:11)
    at SchemaString.cast (D:\前端\project\mall\server\node_modules\mongoose\lib\schema\string.js:583:11)
    at SchemaString.SchemaType.applySetters (D:\前端\project\mall\server\node_modules\mongoose\lib\schematype.js:975:12)
    at SchemaString.SchemaType._castForQuery (D:\前端\project\mall\server\node_modules\mongoose\lib\schematype.js:1389:15)
    at SchemaString.castForQuery (D:\前端\project\mall\server\node_modules\mongoose\lib\schema\string.js:645:15)
    at SchemaString.SchemaType.castForQueryWrapper (D:\前端\project\mall\server\node_modules\mongoose\lib\schematype.js:1358:15)
    at cast (D:\前端\project\mall\server\node_modules\mongoose\lib\cast.js:260:34)
    at model.Query.Query.cast (D:\前端\project\mall\server\node_modules\mongoose\lib\query.js:4698:12)
    at model.Query.Query._castConditions (D:\前端\project\mall\server\node_modules\mongoose\lib\query.js:1876:10)
    at model.Query.<anonymous> (D:\前端\project\mall\server\node_modules\mongoose\lib\query.js:2131:8)
    at model.Query._wrappedThunk [as _findOne] (D:\前端\project\mall\server\node_modules\mongoose\lib\helpers\query\wrapThunk.js:16:8)
    at D:\前端\project\mall\server\node_modules\kareem\index.js:369:33
    at processTicksAndRejections (internal/process/task_queues.js:75:11)
stringValue: "\"{ id: '238bc2e023844769a6b67d9a4c04b2ea' }\""
kind: "string"
value: {"id":"238bc2e023844769a6b67d9a4c04b2ea"}
path: "cid"
reason: null
message: "Cast to string failed for value \"{ id: '238bc2e023844769a6b67d9a4c04b2ea' }\" at path \"cid\" for model \"Collection\""
name: "CastError"
model: undefined
pid: 18376
hostname: LAPTOP-FKOQDFD9

2020-01-02 10:47:37,753 ERROR 18376 [-/127.0.0.1/-/1ms POST /v1/isCollection] nodejs.CastError: Cast to string failed for value "{}" at path "cid" for model "Collection"
    at new CastError (D:\前端\project\mall\server\node_modules\mongoose\lib\error\cast.js:39:11)
    at SchemaString.cast (D:\前端\project\mall\server\node_modules\mongoose\lib\schema\string.js:583:11)
    at SchemaString.SchemaType.applySetters (D:\前端\project\mall\server\node_modules\mongoose\lib\schematype.js:975:12)
    at SchemaString.SchemaType._castForQuery (D:\前端\project\mall\server\node_modules\mongoose\lib\schematype.js:1389:15)
    at SchemaString.castForQuery (D:\前端\project\mall\server\node_modules\mongoose\lib\schema\string.js:645:15)
    at SchemaString.SchemaType.castForQueryWrapper (D:\前端\project\mall\server\node_modules\mongoose\lib\schematype.js:1358:15)
    at cast (D:\前端\project\mall\server\node_modules\mongoose\lib\cast.js:260:34)
    at model.Query.Query.cast (D:\前端\project\mall\server\node_modules\mongoose\lib\query.js:4698:12)
    at model.Query.Query._castConditions (D:\前端\project\mall\server\node_modules\mongoose\lib\query.js:1876:10)
    at model.Query.<anonymous> (D:\前端\project\mall\server\node_modules\mongoose\lib\query.js:2131:8)
    at model.Query._wrappedThunk [as _findOne] (D:\前端\project\mall\server\node_modules\mongoose\lib\helpers\query\wrapThunk.js:16:8)
    at D:\前端\project\mall\server\node_modules\kareem\index.js:369:33
    at processTicksAndRejections (internal/process/task_queues.js:75:11)
stringValue: "\"{}\""
kind: "string"
value: {}
path: "cid"
reason: null
message: "Cast to string failed for value \"{}\" at path \"cid\" for model \"Collection\""
name: "CastError"
model: undefined
pid: 18376
hostname: LAPTOP-FKOQDFD9

2020-01-02 10:47:54,471 ERROR 18376 [-/127.0.0.1/-/1ms POST /v1/isCollection] nodejs.CastError: Cast to string failed for value "{ id: '238bc2e023844769a6b67d9a4c04b2ea' }" at path "cid" for model "Collection"
    at new CastError (D:\前端\project\mall\server\node_modules\mongoose\lib\error\cast.js:39:11)
    at SchemaString.cast (D:\前端\project\mall\server\node_modules\mongoose\lib\schema\string.js:583:11)
    at SchemaString.SchemaType.applySetters (D:\前端\project\mall\server\node_modules\mongoose\lib\schematype.js:975:12)
    at SchemaString.SchemaType._castForQuery (D:\前端\project\mall\server\node_modules\mongoose\lib\schematype.js:1389:15)
    at SchemaString.castForQuery (D:\前端\project\mall\server\node_modules\mongoose\lib\schema\string.js:645:15)
    at SchemaString.SchemaType.castForQueryWrapper (D:\前端\project\mall\server\node_modules\mongoose\lib\schematype.js:1358:15)
    at cast (D:\前端\project\mall\server\node_modules\mongoose\lib\cast.js:260:34)
    at model.Query.Query.cast (D:\前端\project\mall\server\node_modules\mongoose\lib\query.js:4698:12)
    at model.Query.Query._castConditions (D:\前端\project\mall\server\node_modules\mongoose\lib\query.js:1876:10)
    at model.Query.<anonymous> (D:\前端\project\mall\server\node_modules\mongoose\lib\query.js:2131:8)
    at model.Query._wrappedThunk [as _findOne] (D:\前端\project\mall\server\node_modules\mongoose\lib\helpers\query\wrapThunk.js:16:8)
    at D:\前端\project\mall\server\node_modules\kareem\index.js:369:33
    at processTicksAndRejections (internal/process/task_queues.js:75:11)
stringValue: "\"{ id: '238bc2e023844769a6b67d9a4c04b2ea' }\""
kind: "string"
value: {"id":"238bc2e023844769a6b67d9a4c04b2ea"}
path: "cid"
reason: null
message: "Cast to string failed for value \"{ id: '238bc2e023844769a6b67d9a4c04b2ea' }\" at path \"cid\" for model \"Collection\""
name: "CastError"
model: undefined
pid: 18376
hostname: LAPTOP-FKOQDFD9

2020-01-02 11:00:50,719 ERROR 18376 [-/127.0.0.1/-/1ms POST /v1/isCollection] nodejs.CastError: Cast to string failed for value "{ id: '238bc2e023844769a6b67d9a4c04b2ea' }" at path "cid" for model "Collection"
    at new CastError (D:\前端\project\mall\server\node_modules\mongoose\lib\error\cast.js:39:11)
    at SchemaString.cast (D:\前端\project\mall\server\node_modules\mongoose\lib\schema\string.js:583:11)
    at SchemaString.SchemaType.applySetters (D:\前端\project\mall\server\node_modules\mongoose\lib\schematype.js:975:12)
    at SchemaString.SchemaType._castForQuery (D:\前端\project\mall\server\node_modules\mongoose\lib\schematype.js:1389:15)
    at SchemaString.castForQuery (D:\前端\project\mall\server\node_modules\mongoose\lib\schema\string.js:645:15)
    at SchemaString.SchemaType.castForQueryWrapper (D:\前端\project\mall\server\node_modules\mongoose\lib\schematype.js:1358:15)
    at cast (D:\前端\project\mall\server\node_modules\mongoose\lib\cast.js:260:34)
    at model.Query.Query.cast (D:\前端\project\mall\server\node_modules\mongoose\lib\query.js:4698:12)
    at model.Query.Query._castConditions (D:\前端\project\mall\server\node_modules\mongoose\lib\query.js:1876:10)
    at model.Query.<anonymous> (D:\前端\project\mall\server\node_modules\mongoose\lib\query.js:2131:8)
    at model.Query._wrappedThunk [as _findOne] (D:\前端\project\mall\server\node_modules\mongoose\lib\helpers\query\wrapThunk.js:16:8)
    at D:\前端\project\mall\server\node_modules\kareem\index.js:369:33
    at processTicksAndRejections (internal/process/task_queues.js:75:11)
stringValue: "\"{ id: '238bc2e023844769a6b67d9a4c04b2ea' }\""
kind: "string"
value: {"id":"238bc2e023844769a6b67d9a4c04b2ea"}
path: "cid"
reason: null
message: "Cast to string failed for value \"{ id: '238bc2e023844769a6b67d9a4c04b2ea' }\" at path \"cid\" for model \"Collection\""
name: "CastError"
model: undefined
pid: 18376
hostname: LAPTOP-FKOQDFD9

2020-01-02 11:00:52,871 ERROR 18376 [-/127.0.0.1/-/1ms POST /v1/isCollection] nodejs.CastError: Cast to string failed for value "{ id: '238bc2e023844769a6b67d9a4c04b2ea' }" at path "cid" for model "Collection"
    at new CastError (D:\前端\project\mall\server\node_modules\mongoose\lib\error\cast.js:39:11)
    at SchemaString.cast (D:\前端\project\mall\server\node_modules\mongoose\lib\schema\string.js:583:11)
    at SchemaString.SchemaType.applySetters (D:\前端\project\mall\server\node_modules\mongoose\lib\schematype.js:975:12)
    at SchemaString.SchemaType._castForQuery (D:\前端\project\mall\server\node_modules\mongoose\lib\schematype.js:1389:15)
    at SchemaString.castForQuery (D:\前端\project\mall\server\node_modules\mongoose\lib\schema\string.js:645:15)
    at SchemaString.SchemaType.castForQueryWrapper (D:\前端\project\mall\server\node_modules\mongoose\lib\schematype.js:1358:15)
    at cast (D:\前端\project\mall\server\node_modules\mongoose\lib\cast.js:260:34)
    at model.Query.Query.cast (D:\前端\project\mall\server\node_modules\mongoose\lib\query.js:4698:12)
    at model.Query.Query._castConditions (D:\前端\project\mall\server\node_modules\mongoose\lib\query.js:1876:10)
    at model.Query.<anonymous> (D:\前端\project\mall\server\node_modules\mongoose\lib\query.js:2131:8)
    at model.Query._wrappedThunk [as _findOne] (D:\前端\project\mall\server\node_modules\mongoose\lib\helpers\query\wrapThunk.js:16:8)
    at D:\前端\project\mall\server\node_modules\kareem\index.js:369:33
    at processTicksAndRejections (internal/process/task_queues.js:75:11)
stringValue: "\"{ id: '238bc2e023844769a6b67d9a4c04b2ea' }\""
kind: "string"
value: {"id":"238bc2e023844769a6b67d9a4c04b2ea"}
path: "cid"
reason: null
message: "Cast to string failed for value \"{ id: '238bc2e023844769a6b67d9a4c04b2ea' }\" at path \"cid\" for model \"Collection\""
name: "CastError"
model: undefined
pid: 18376
hostname: LAPTOP-FKOQDFD9

2020-01-02 11:00:53,094 ERROR 18376 [-/127.0.0.1/-/2ms POST /v1/isCollection] nodejs.CastError: Cast to string failed for value "{ id: '238bc2e023844769a6b67d9a4c04b2ea' }" at path "cid" for model "Collection"
    at new CastError (D:\前端\project\mall\server\node_modules\mongoose\lib\error\cast.js:39:11)
    at SchemaString.cast (D:\前端\project\mall\server\node_modules\mongoose\lib\schema\string.js:583:11)
    at SchemaString.SchemaType.applySetters (D:\前端\project\mall\server\node_modules\mongoose\lib\schematype.js:975:12)
    at SchemaString.SchemaType._castForQuery (D:\前端\project\mall\server\node_modules\mongoose\lib\schematype.js:1389:15)
    at SchemaString.castForQuery (D:\前端\project\mall\server\node_modules\mongoose\lib\schema\string.js:645:15)
    at SchemaString.SchemaType.castForQueryWrapper (D:\前端\project\mall\server\node_modules\mongoose\lib\schematype.js:1358:15)
    at cast (D:\前端\project\mall\server\node_modules\mongoose\lib\cast.js:260:34)
    at model.Query.Query.cast (D:\前端\project\mall\server\node_modules\mongoose\lib\query.js:4698:12)
    at model.Query.Query._castConditions (D:\前端\project\mall\server\node_modules\mongoose\lib\query.js:1876:10)
    at model.Query.<anonymous> (D:\前端\project\mall\server\node_modules\mongoose\lib\query.js:2131:8)
    at model.Query._wrappedThunk [as _findOne] (D:\前端\project\mall\server\node_modules\mongoose\lib\helpers\query\wrapThunk.js:16:8)
    at D:\前端\project\mall\server\node_modules\kareem\index.js:369:33
    at processTicksAndRejections (internal/process/task_queues.js:75:11)
stringValue: "\"{ id: '238bc2e023844769a6b67d9a4c04b2ea' }\""
kind: "string"
value: {"id":"238bc2e023844769a6b67d9a4c04b2ea"}
path: "cid"
reason: null
message: "Cast to string failed for value \"{ id: '238bc2e023844769a6b67d9a4c04b2ea' }\" at path \"cid\" for model \"Collection\""
name: "CastError"
model: undefined
pid: 18376
hostname: LAPTOP-FKOQDFD9

2020-01-02 11:00:53,332 ERROR 18376 [-/127.0.0.1/-/1ms POST /v1/isCollection] nodejs.CastError: Cast to string failed for value "{ id: '238bc2e023844769a6b67d9a4c04b2ea' }" at path "cid" for model "Collection"
    at new CastError (D:\前端\project\mall\server\node_modules\mongoose\lib\error\cast.js:39:11)
    at SchemaString.cast (D:\前端\project\mall\server\node_modules\mongoose\lib\schema\string.js:583:11)
    at SchemaString.SchemaType.applySetters (D:\前端\project\mall\server\node_modules\mongoose\lib\schematype.js:975:12)
    at SchemaString.SchemaType._castForQuery (D:\前端\project\mall\server\node_modules\mongoose\lib\schematype.js:1389:15)
    at SchemaString.castForQuery (D:\前端\project\mall\server\node_modules\mongoose\lib\schema\string.js:645:15)
    at SchemaString.SchemaType.castForQueryWrapper (D:\前端\project\mall\server\node_modules\mongoose\lib\schematype.js:1358:15)
    at cast (D:\前端\project\mall\server\node_modules\mongoose\lib\cast.js:260:34)
    at model.Query.Query.cast (D:\前端\project\mall\server\node_modules\mongoose\lib\query.js:4698:12)
    at model.Query.Query._castConditions (D:\前端\project\mall\server\node_modules\mongoose\lib\query.js:1876:10)
    at model.Query.<anonymous> (D:\前端\project\mall\server\node_modules\mongoose\lib\query.js:2131:8)
    at model.Query._wrappedThunk [as _findOne] (D:\前端\project\mall\server\node_modules\mongoose\lib\helpers\query\wrapThunk.js:16:8)
    at D:\前端\project\mall\server\node_modules\kareem\index.js:369:33
    at processTicksAndRejections (internal/process/task_queues.js:75:11)
stringValue: "\"{ id: '238bc2e023844769a6b67d9a4c04b2ea' }\""
kind: "string"
value: {"id":"238bc2e023844769a6b67d9a4c04b2ea"}
path: "cid"
reason: null
message: "Cast to string failed for value \"{ id: '238bc2e023844769a6b67d9a4c04b2ea' }\" at path \"cid\" for model \"Collection\""
name: "CastError"
model: undefined
pid: 18376
hostname: LAPTOP-FKOQDFD9

2020-01-02 11:00:53,871 ERROR 18376 [-/127.0.0.1/-/1ms POST /v1/isCollection] nodejs.CastError: Cast to string failed for value "{ id: '238bc2e023844769a6b67d9a4c04b2ea' }" at path "cid" for model "Collection"
    at new CastError (D:\前端\project\mall\server\node_modules\mongoose\lib\error\cast.js:39:11)
    at SchemaString.cast (D:\前端\project\mall\server\node_modules\mongoose\lib\schema\string.js:583:11)
    at SchemaString.SchemaType.applySetters (D:\前端\project\mall\server\node_modules\mongoose\lib\schematype.js:975:12)
    at SchemaString.SchemaType._castForQuery (D:\前端\project\mall\server\node_modules\mongoose\lib\schematype.js:1389:15)
    at SchemaString.castForQuery (D:\前端\project\mall\server\node_modules\mongoose\lib\schema\string.js:645:15)
    at SchemaString.SchemaType.castForQueryWrapper (D:\前端\project\mall\server\node_modules\mongoose\lib\schematype.js:1358:15)
    at cast (D:\前端\project\mall\server\node_modules\mongoose\lib\cast.js:260:34)
    at model.Query.Query.cast (D:\前端\project\mall\server\node_modules\mongoose\lib\query.js:4698:12)
    at model.Query.Query._castConditions (D:\前端\project\mall\server\node_modules\mongoose\lib\query.js:1876:10)
    at model.Query.<anonymous> (D:\前端\project\mall\server\node_modules\mongoose\lib\query.js:2131:8)
    at model.Query._wrappedThunk [as _findOne] (D:\前端\project\mall\server\node_modules\mongoose\lib\helpers\query\wrapThunk.js:16:8)
    at D:\前端\project\mall\server\node_modules\kareem\index.js:369:33
    at processTicksAndRejections (internal/process/task_queues.js:75:11)
stringValue: "\"{ id: '238bc2e023844769a6b67d9a4c04b2ea' }\""
kind: "string"
value: {"id":"238bc2e023844769a6b67d9a4c04b2ea"}
path: "cid"
reason: null
message: "Cast to string failed for value \"{ id: '238bc2e023844769a6b67d9a4c04b2ea' }\" at path \"cid\" for model \"Collection\""
name: "CastError"
model: undefined
pid: 18376
hostname: LAPTOP-FKOQDFD9

2020-01-02 11:00:54,089 ERROR 18376 [-/127.0.0.1/-/2ms POST /v1/isCollection] nodejs.CastError: Cast to string failed for value "{ id: '238bc2e023844769a6b67d9a4c04b2ea' }" at path "cid" for model "Collection"
    at new CastError (D:\前端\project\mall\server\node_modules\mongoose\lib\error\cast.js:39:11)
    at SchemaString.cast (D:\前端\project\mall\server\node_modules\mongoose\lib\schema\string.js:583:11)
    at SchemaString.SchemaType.applySetters (D:\前端\project\mall\server\node_modules\mongoose\lib\schematype.js:975:12)
    at SchemaString.SchemaType._castForQuery (D:\前端\project\mall\server\node_modules\mongoose\lib\schematype.js:1389:15)
    at SchemaString.castForQuery (D:\前端\project\mall\server\node_modules\mongoose\lib\schema\string.js:645:15)
    at SchemaString.SchemaType.castForQueryWrapper (D:\前端\project\mall\server\node_modules\mongoose\lib\schematype.js:1358:15)
    at cast (D:\前端\project\mall\server\node_modules\mongoose\lib\cast.js:260:34)
    at model.Query.Query.cast (D:\前端\project\mall\server\node_modules\mongoose\lib\query.js:4698:12)
    at model.Query.Query._castConditions (D:\前端\project\mall\server\node_modules\mongoose\lib\query.js:1876:10)
    at model.Query.<anonymous> (D:\前端\project\mall\server\node_modules\mongoose\lib\query.js:2131:8)
    at model.Query._wrappedThunk [as _findOne] (D:\前端\project\mall\server\node_modules\mongoose\lib\helpers\query\wrapThunk.js:16:8)
    at D:\前端\project\mall\server\node_modules\kareem\index.js:369:33
    at processTicksAndRejections (internal/process/task_queues.js:75:11)
stringValue: "\"{ id: '238bc2e023844769a6b67d9a4c04b2ea' }\""
kind: "string"
value: {"id":"238bc2e023844769a6b67d9a4c04b2ea"}
path: "cid"
reason: null
message: "Cast to string failed for value \"{ id: '238bc2e023844769a6b67d9a4c04b2ea' }\" at path \"cid\" for model \"Collection\""
name: "CastError"
model: undefined
pid: 18376
hostname: LAPTOP-FKOQDFD9

2020-01-02 11:00:54,123 ERROR 18376 [-/127.0.0.1/-/1ms POST /v1/isCollection] nodejs.CastError: Cast to string failed for value "{ id: '238bc2e023844769a6b67d9a4c04b2ea' }" at path "cid" for model "Collection"
    at new CastError (D:\前端\project\mall\server\node_modules\mongoose\lib\error\cast.js:39:11)
    at SchemaString.cast (D:\前端\project\mall\server\node_modules\mongoose\lib\schema\string.js:583:11)
    at SchemaString.SchemaType.applySetters (D:\前端\project\mall\server\node_modules\mongoose\lib\schematype.js:975:12)
    at SchemaString.SchemaType._castForQuery (D:\前端\project\mall\server\node_modules\mongoose\lib\schematype.js:1389:15)
    at SchemaString.castForQuery (D:\前端\project\mall\server\node_modules\mongoose\lib\schema\string.js:645:15)
    at SchemaString.SchemaType.castForQueryWrapper (D:\前端\project\mall\server\node_modules\mongoose\lib\schematype.js:1358:15)
    at cast (D:\前端\project\mall\server\node_modules\mongoose\lib\cast.js:260:34)
    at model.Query.Query.cast (D:\前端\project\mall\server\node_modules\mongoose\lib\query.js:4698:12)
    at model.Query.Query._castConditions (D:\前端\project\mall\server\node_modules\mongoose\lib\query.js:1876:10)
    at model.Query.<anonymous> (D:\前端\project\mall\server\node_modules\mongoose\lib\query.js:2131:8)
    at model.Query._wrappedThunk [as _findOne] (D:\前端\project\mall\server\node_modules\mongoose\lib\helpers\query\wrapThunk.js:16:8)
    at D:\前端\project\mall\server\node_modules\kareem\index.js:369:33
    at processTicksAndRejections (internal/process/task_queues.js:75:11)
stringValue: "\"{ id: '238bc2e023844769a6b67d9a4c04b2ea' }\""
kind: "string"
value: {"id":"238bc2e023844769a6b67d9a4c04b2ea"}
path: "cid"
reason: null
message: "Cast to string failed for value \"{ id: '238bc2e023844769a6b67d9a4c04b2ea' }\" at path \"cid\" for model \"Collection\""
name: "CastError"
model: undefined
pid: 18376
hostname: LAPTOP-FKOQDFD9

2020-01-02 11:00:54,325 ERROR 18376 [-/127.0.0.1/-/2ms POST /v1/isCollection] nodejs.CastError: Cast to string failed for value "{ id: '238bc2e023844769a6b67d9a4c04b2ea' }" at path "cid" for model "Collection"
    at new CastError (D:\前端\project\mall\server\node_modules\mongoose\lib\error\cast.js:39:11)
    at SchemaString.cast (D:\前端\project\mall\server\node_modules\mongoose\lib\schema\string.js:583:11)
    at SchemaString.SchemaType.applySetters (D:\前端\project\mall\server\node_modules\mongoose\lib\schematype.js:975:12)
    at SchemaString.SchemaType._castForQuery (D:\前端\project\mall\server\node_modules\mongoose\lib\schematype.js:1389:15)
    at SchemaString.castForQuery (D:\前端\project\mall\server\node_modules\mongoose\lib\schema\string.js:645:15)
    at SchemaString.SchemaType.castForQueryWrapper (D:\前端\project\mall\server\node_modules\mongoose\lib\schematype.js:1358:15)
    at cast (D:\前端\project\mall\server\node_modules\mongoose\lib\cast.js:260:34)
    at model.Query.Query.cast (D:\前端\project\mall\server\node_modules\mongoose\lib\query.js:4698:12)
    at model.Query.Query._castConditions (D:\前端\project\mall\server\node_modules\mongoose\lib\query.js:1876:10)
    at model.Query.<anonymous> (D:\前端\project\mall\server\node_modules\mongoose\lib\query.js:2131:8)
    at model.Query._wrappedThunk [as _findOne] (D:\前端\project\mall\server\node_modules\mongoose\lib\helpers\query\wrapThunk.js:16:8)
    at D:\前端\project\mall\server\node_modules\kareem\index.js:369:33
    at processTicksAndRejections (internal/process/task_queues.js:75:11)
stringValue: "\"{ id: '238bc2e023844769a6b67d9a4c04b2ea' }\""
kind: "string"
value: {"id":"238bc2e023844769a6b67d9a4c04b2ea"}
path: "cid"
reason: null
message: "Cast to string failed for value \"{ id: '238bc2e023844769a6b67d9a4c04b2ea' }\" at path \"cid\" for model \"Collection\""
name: "CastError"
model: undefined
pid: 18376
hostname: LAPTOP-FKOQDFD9

