2019-04-26 21:53:24,588 INFO 12066 [egg:logger] init all loggers with options: {"dir":"/Users/lp1/Downloads/Vue-shopping-master/egg/logs/server","encoding":"utf8","env":"local","level":"INFO","consoleLevel":"INFO","disableConsoleAfterReady":false,"outputJSON":false,"buffer":true,"appLogName":"server-web.log","coreLogName":"egg-web.log","agentLogName":"egg-agent.log","errorLogName":"common-error.log","coreLogger":{"consoleLevel":"WARN"},"allowDebugAtProd":false,"type":"application"}
2019-04-26 21:53:24,620 INFO 12066 [egg-multipart] stream mode enable
2019-04-26 21:53:24,844 INFO 12066 [egg-mongoose] connecting mongodb://127.0.0.1/shoppingMall
2019-04-26 21:53:25,038 INFO 12066 [egg-static] starting static serve /public/ -> /Users/lp1/Downloads/Vue-shopping-master/egg/app/public
2019-04-26 21:53:25,040 INFO 12066 [egg-security] use methodnoallow middleware
2019-04-26 21:53:25,040 INFO 12066 [egg-security] use noopen middleware
2019-04-26 21:53:25,041 INFO 12066 [egg-security] use nosniff middleware
2019-04-26 21:53:25,041 INFO 12066 [egg-security] use xssProtection middleware
2019-04-26 21:53:25,041 INFO 12066 [egg-security] use xframe middleware
2019-04-26 21:53:25,042 INFO 12066 [egg-security] use dta middleware
2019-04-26 21:53:25,042 INFO 12066 [egg-security] compose 6 middlewares into one security middleware
2019-04-26 21:53:25,054 INFO 12066 [egg:core] dump config after load, 4ms
2019-04-26 21:53:25,056 INFO 12066 [egg-mongoose] starting...
2019-04-26 21:53:25,103 INFO 12066 [egg-watcher:application] watcher start success
2019-04-26 21:53:25,106 INFO 12066 [egg-mongoose] mongodb://127.0.0.1/shoppingMall connected successfully
2019-04-26 21:53:25,113 INFO 12066 [egg-mongoose] instance[0] start successfully
2019-04-26 21:53:25,122 INFO 12066 [egg:core] dump config after ready, 7ms
2019-04-27 08:36:27,825 INFO 6732 [egg:logger] init all loggers with options: {"dir":"C:\\Users\\Administrator\\Desktop\\shop\\server\\logs\\server","encoding":"utf8","env":"local","level":"INFO","consoleLevel":"INFO","disableConsoleAfterReady":false,"outputJSON":false,"buffer":true,"appLogName":"server-web.log","coreLogName":"egg-web.log","agentLogName":"egg-agent.log","errorLogName":"common-error.log","coreLogger":{"consoleLevel":"WARN"},"allowDebugAtProd":false,"type":"application"}
2019-04-27 08:36:27,870 INFO 6732 [egg-multipart] stream mode enable
2019-04-27 08:36:28,159 INFO 6732 [egg-mongoose] connecting mongodb://127.0.0.1/shoppingMall
2019-04-27 08:36:28,444 INFO 6732 [egg-static] starting static serve /public/ -> C:\Users\Administrator\Desktop\shop\server\app\public
2019-04-27 08:36:28,447 INFO 6732 [egg-security] use methodnoallow middleware
2019-04-27 08:36:28,448 INFO 6732 [egg-security] use noopen middleware
2019-04-27 08:36:28,449 INFO 6732 [egg-security] use nosniff middleware
2019-04-27 08:36:28,449 INFO 6732 [egg-security] use xssProtection middleware
2019-04-27 08:36:28,451 INFO 6732 [egg-security] use xframe middleware
2019-04-27 08:36:28,452 INFO 6732 [egg-security] use dta middleware
2019-04-27 08:36:28,452 INFO 6732 [egg-security] compose 6 middlewares into one security middleware
2019-04-27 08:36:28,472 INFO 6732 [egg:core] dump config after load, 5ms
2019-04-27 08:36:28,475 INFO 6732 [egg-mongoose] starting...
2019-04-27 08:36:28,514 INFO 6732 [egg-mongoose] mongodb://127.0.0.1/shoppingMall connected successfully
2019-04-27 08:36:28,522 INFO 6732 [egg-mongoose] instance[0] start successfully
2019-04-27 08:36:28,524 INFO 6732 [egg-watcher:application] watcher start success
2019-04-27 08:36:28,531 INFO 6732 [egg:core] dump config after ready, 6ms
2019-04-27 10:25:49,253 INFO 3124 [egg:logger] init all loggers with options: {"dir":"C:\\Users\\Administrator\\Desktop\\shop\\server\\logs\\server","encoding":"utf8","env":"local","level":"INFO","consoleLevel":"INFO","disableConsoleAfterReady":false,"outputJSON":false,"buffer":true,"appLogName":"server-web.log","coreLogName":"egg-web.log","agentLogName":"egg-agent.log","errorLogName":"common-error.log","coreLogger":{"consoleLevel":"WARN"},"allowDebugAtProd":false,"type":"application"}
2019-04-27 10:25:49,290 INFO 3124 [egg-multipart] stream mode enable
2019-04-27 10:25:49,771 INFO 3124 [egg-mongoose] connecting mongodb://127.0.0.1/shoppingMall
2019-04-27 10:25:50,103 INFO 3124 [egg-static] starting static serve /public/ -> C:\Users\Administrator\Desktop\shop\server\app\public
2019-04-27 10:25:50,106 INFO 3124 [egg-security] use methodnoallow middleware
2019-04-27 10:25:50,106 INFO 3124 [egg-security] use noopen middleware
2019-04-27 10:25:50,107 INFO 3124 [egg-security] use nosniff middleware
2019-04-27 10:25:50,108 INFO 3124 [egg-security] use xssProtection middleware
2019-04-27 10:25:50,109 INFO 3124 [egg-security] use xframe middleware
2019-04-27 10:25:50,110 INFO 3124 [egg-security] use dta middleware
2019-04-27 10:25:50,110 INFO 3124 [egg-security] compose 6 middlewares into one security middleware
2019-04-27 10:25:50,132 INFO 3124 [egg:core] dump config after load, 8ms
2019-04-27 10:25:50,136 INFO 3124 [egg-mongoose] starting...
2019-04-27 10:25:50,176 INFO 3124 [egg-mongoose] mongodb://127.0.0.1/shoppingMall connected successfully
2019-04-27 10:25:50,183 INFO 3124 [egg-mongoose] instance[0] start successfully
2019-04-27 10:25:50,188 INFO 3124 [egg-watcher:application] watcher start success
2019-04-27 10:25:50,198 INFO 3124 [egg:core] dump config after ready, 8ms
2019-04-30 13:56:42,538 INFO 7004 [egg:logger] init all loggers with options: {"dir":"C:\\Users\\Administrator\\Desktop\\shop\\server\\logs\\server","encoding":"utf8","env":"local","level":"INFO","consoleLevel":"INFO","disableConsoleAfterReady":false,"outputJSON":false,"buffer":true,"appLogName":"server-web.log","coreLogName":"egg-web.log","agentLogName":"egg-agent.log","errorLogName":"common-error.log","coreLogger":{"consoleLevel":"WARN"},"allowDebugAtProd":false,"type":"application"}
2019-04-30 13:56:42,574 INFO 7004 [egg-multipart] stream mode enable
2019-04-30 13:56:42,879 INFO 7004 [egg-mongoose] connecting mongodb://127.0.0.1/shoppingMall
2019-04-30 13:56:43,116 INFO 7004 [egg-static] starting static serve /public/ -> C:\Users\Administrator\Desktop\shop\server\app\public
2019-04-30 13:56:43,119 INFO 7004 [egg-security] use methodnoallow middleware
2019-04-30 13:56:43,119 INFO 7004 [egg-security] use noopen middleware
2019-04-30 13:56:43,120 INFO 7004 [egg-security] use nosniff middleware
2019-04-30 13:56:43,121 INFO 7004 [egg-security] use xssProtection middleware
2019-04-30 13:56:43,121 INFO 7004 [egg-security] use xframe middleware
2019-04-30 13:56:43,121 INFO 7004 [egg-security] use dta middleware
2019-04-30 13:56:43,121 INFO 7004 [egg-security] compose 6 middlewares into one security middleware
2019-04-30 13:56:43,339 INFO 7004 [egg:core] dump config after load, 25ms
2019-04-30 13:56:43,347 INFO 7004 [egg-mongoose] starting...
2019-04-30 13:56:43,402 INFO 7004 [egg-watcher:application] watcher start success
2019-04-30 13:56:43,517 INFO 7004 [egg-mongoose] mongodb://127.0.0.1/shoppingMall connected successfully
2019-04-30 13:56:43,538 INFO 7004 [egg-mongoose] instance[0] start successfully
2019-04-30 13:56:43,555 INFO 7004 [egg:core] dump config after ready, 12ms
2019-04-30 14:03:27,941 INFO 1108 [egg:logger] init all loggers with options: {"dir":"C:\\Users\\Administrator\\Desktop\\shop\\server\\logs\\server","encoding":"utf8","env":"local","level":"INFO","consoleLevel":"INFO","disableConsoleAfterReady":false,"outputJSON":false,"buffer":true,"appLogName":"server-web.log","coreLogName":"egg-web.log","agentLogName":"egg-agent.log","errorLogName":"common-error.log","coreLogger":{"consoleLevel":"WARN"},"allowDebugAtProd":false,"type":"application"}
2019-04-30 14:03:27,982 INFO 1108 [egg-multipart] stream mode enable
2019-04-30 14:03:28,494 INFO 1108 [egg-mongoose] connecting mongodb://127.0.0.1/shoppingMall
2019-04-30 14:03:28,868 INFO 1108 [egg-static] starting static serve /public/ -> C:\Users\Administrator\Desktop\shop\server\app\public
2019-04-30 14:03:28,871 INFO 1108 [egg-security] use methodnoallow middleware
2019-04-30 14:03:28,872 INFO 1108 [egg-security] use noopen middleware
2019-04-30 14:03:28,873 INFO 1108 [egg-security] use nosniff middleware
2019-04-30 14:03:28,874 INFO 1108 [egg-security] use xssProtection middleware
2019-04-30 14:03:28,875 INFO 1108 [egg-security] use xframe middleware
2019-04-30 14:03:28,875 INFO 1108 [egg-security] use dta middleware
2019-04-30 14:03:28,875 INFO 1108 [egg-security] compose 6 middlewares into one security middleware
2019-04-30 14:03:28,898 INFO 1108 [egg:core] dump config after load, 5ms
2019-04-30 14:03:28,901 INFO 1108 [egg-mongoose] starting...
2019-04-30 14:03:28,938 INFO 1108 [egg-mongoose] mongodb://127.0.0.1/shoppingMall connected successfully
2019-04-30 14:03:28,945 INFO 1108 [egg-mongoose] instance[0] start successfully
2019-04-30 14:03:28,948 INFO 1108 [egg-watcher:application] watcher start success
2019-04-30 14:03:28,958 INFO 1108 [egg:core] dump config after ready, 7ms
2019-04-30 15:00:05,761 INFO 6380 [egg:logger] init all loggers with options: {"dir":"C:\\Users\\Administrator\\Desktop\\shop\\server\\logs\\server","encoding":"utf8","env":"local","level":"INFO","consoleLevel":"INFO","disableConsoleAfterReady":false,"outputJSON":false,"buffer":true,"appLogName":"server-web.log","coreLogName":"egg-web.log","agentLogName":"egg-agent.log","errorLogName":"common-error.log","coreLogger":{"consoleLevel":"WARN"},"allowDebugAtProd":false,"type":"application"}
2019-04-30 15:00:05,801 INFO 6380 [egg-multipart] stream mode enable
2019-04-30 15:00:06,250 INFO 6380 [egg-mongoose] connecting mongodb://127.0.0.1/shoppingMall
2019-04-30 15:00:06,600 INFO 6380 [egg-static] starting static serve /public/ -> C:\Users\Administrator\Desktop\shop\server\app\public
2019-04-30 15:00:06,603 INFO 6380 [egg-security] use methodnoallow middleware
2019-04-30 15:00:06,603 INFO 6380 [egg-security] use noopen middleware
2019-04-30 15:00:06,604 INFO 6380 [egg-security] use nosniff middleware
2019-04-30 15:00:06,605 INFO 6380 [egg-security] use xssProtection middleware
2019-04-30 15:00:06,605 INFO 6380 [egg-security] use xframe middleware
2019-04-30 15:00:06,606 INFO 6380 [egg-security] use dta middleware
2019-04-30 15:00:06,606 INFO 6380 [egg-security] compose 6 middlewares into one security middleware
2019-04-30 15:00:06,632 INFO 6380 [egg:core] dump config after load, 6ms
2019-04-30 15:00:06,635 INFO 6380 [egg-mongoose] starting...
2019-04-30 15:00:06,674 INFO 6380 [egg-mongoose] mongodb://127.0.0.1/shoppingMall connected successfully
2019-04-30 15:00:06,681 INFO 6380 [egg-mongoose] instance[0] start successfully
2019-04-30 15:00:06,686 INFO 6380 [egg-watcher:application] watcher start success
2019-04-30 15:00:06,693 INFO 6380 [egg:core] dump config after ready, 5ms
2019-04-30 15:01:10,396 INFO 6940 [egg:logger] init all loggers with options: {"dir":"C:\\Users\\Administrator\\Desktop\\shop\\server\\logs\\server","encoding":"utf8","env":"local","level":"INFO","consoleLevel":"INFO","disableConsoleAfterReady":false,"outputJSON":false,"buffer":true,"appLogName":"server-web.log","coreLogName":"egg-web.log","agentLogName":"egg-agent.log","errorLogName":"common-error.log","coreLogger":{"consoleLevel":"WARN"},"allowDebugAtProd":false,"type":"application"}
2019-04-30 15:01:10,434 INFO 6940 [egg-multipart] stream mode enable
2019-04-30 15:01:10,738 INFO 6940 [egg-mongoose] connecting mongodb://127.0.0.1/shoppingMall
2019-04-30 15:01:11,030 INFO 6940 [egg-static] starting static serve /public/ -> C:\Users\Administrator\Desktop\shop\server\app\public
2019-04-30 15:01:11,033 INFO 6940 [egg-security] use methodnoallow middleware
2019-04-30 15:01:11,034 INFO 6940 [egg-security] use noopen middleware
2019-04-30 15:01:11,035 INFO 6940 [egg-security] use nosniff middleware
2019-04-30 15:01:11,036 INFO 6940 [egg-security] use xssProtection middleware
2019-04-30 15:01:11,036 INFO 6940 [egg-security] use xframe middleware
2019-04-30 15:01:11,037 INFO 6940 [egg-security] use dta middleware
2019-04-30 15:01:11,037 INFO 6940 [egg-security] compose 6 middlewares into one security middleware
2019-04-30 15:01:11,070 INFO 6940 [egg:core] dump config after load, 8ms
2019-04-30 15:01:11,073 INFO 6940 [egg-mongoose] starting...
2019-04-30 15:01:11,119 INFO 6940 [egg-mongoose] mongodb://127.0.0.1/shoppingMall connected successfully
2019-04-30 15:01:11,127 INFO 6940 [egg-mongoose] instance[0] start successfully
2019-04-30 15:01:11,132 INFO 6940 [egg-watcher:application] watcher start success
2019-04-30 15:01:11,141 INFO 6940 [egg:core] dump config after ready, 7ms
2019-04-30 15:10:23,263 INFO 1588 [egg:logger] init all loggers with options: {"dir":"C:\\Users\\Administrator\\Desktop\\shop\\server\\logs\\server","encoding":"utf8","env":"local","level":"INFO","consoleLevel":"INFO","disableConsoleAfterReady":false,"outputJSON":false,"buffer":true,"appLogName":"server-web.log","coreLogName":"egg-web.log","agentLogName":"egg-agent.log","errorLogName":"common-error.log","coreLogger":{"consoleLevel":"WARN"},"allowDebugAtProd":false,"type":"application"}
2019-04-30 15:10:23,301 INFO 1588 [egg-multipart] stream mode enable
2019-04-30 15:10:23,661 INFO 1588 [egg-mongoose] connecting mongodb://127.0.0.1/shoppingMall
2019-04-30 15:10:23,886 INFO 1588 [egg-static] starting static serve /public/ -> C:\Users\Administrator\Desktop\shop\server\app\public
2019-04-30 15:10:23,888 INFO 1588 [egg-security] use methodnoallow middleware
2019-04-30 15:10:23,889 INFO 1588 [egg-security] use noopen middleware
2019-04-30 15:10:23,890 INFO 1588 [egg-security] use nosniff middleware
2019-04-30 15:10:23,890 INFO 1588 [egg-security] use xssProtection middleware
2019-04-30 15:10:23,891 INFO 1588 [egg-security] use xframe middleware
2019-04-30 15:10:23,891 INFO 1588 [egg-security] use dta middleware
2019-04-30 15:10:23,891 INFO 1588 [egg-security] compose 6 middlewares into one security middleware
2019-04-30 15:10:23,915 INFO 1588 [egg:core] dump config after load, 6ms
2019-04-30 15:10:23,918 INFO 1588 [egg-mongoose] starting...
2019-04-30 15:10:23,966 INFO 1588 [egg-mongoose] mongodb://127.0.0.1/shoppingMall connected successfully
2019-04-30 15:10:23,973 INFO 1588 [egg-mongoose] instance[0] start successfully
2019-04-30 15:10:23,975 INFO 1588 [egg-watcher:application] watcher start success
2019-04-30 15:10:23,985 INFO 1588 [egg:core] dump config after ready, 6ms
2019-04-30 16:00:34,873 INFO 2516 [egg:logger] init all loggers with options: {"dir":"C:\\Users\\Administrator\\Desktop\\shop\\server\\logs\\server","encoding":"utf8","env":"local","level":"INFO","consoleLevel":"INFO","disableConsoleAfterReady":false,"outputJSON":false,"buffer":true,"appLogName":"server-web.log","coreLogName":"egg-web.log","agentLogName":"egg-agent.log","errorLogName":"common-error.log","coreLogger":{"consoleLevel":"WARN"},"allowDebugAtProd":false,"type":"application"}
2019-04-30 16:00:34,907 INFO 2516 [egg-multipart] stream mode enable
2019-04-30 16:00:35,337 INFO 2516 [egg-mongoose] connecting mongodb://127.0.0.1/shoppingMall
2019-04-30 16:00:35,694 INFO 2516 [egg-static] starting static serve /public/ -> C:\Users\Administrator\Desktop\shop\server\app\public
2019-04-30 16:00:35,696 INFO 2516 [egg-security] use methodnoallow middleware
2019-04-30 16:00:35,697 INFO 2516 [egg-security] use noopen middleware
2019-04-30 16:00:35,698 INFO 2516 [egg-security] use nosniff middleware
2019-04-30 16:00:35,699 INFO 2516 [egg-security] use xssProtection middleware
2019-04-30 16:00:35,699 INFO 2516 [egg-security] use xframe middleware
2019-04-30 16:00:35,700 INFO 2516 [egg-security] use dta middleware
2019-04-30 16:00:35,700 INFO 2516 [egg-security] compose 6 middlewares into one security middleware
2019-04-30 16:00:35,724 INFO 2516 [egg:core] dump config after load, 6ms
2019-04-30 16:00:35,728 INFO 2516 [egg-mongoose] starting...
2019-04-30 16:00:35,778 INFO 2516 [egg-mongoose] mongodb://127.0.0.1/shoppingMall connected successfully
2019-04-30 16:00:35,785 INFO 2516 [egg-mongoose] instance[0] start successfully
2019-04-30 16:00:35,787 INFO 2516 [egg-watcher:application] watcher start success
2019-04-30 16:00:35,797 INFO 2516 [egg:core] dump config after ready, 7ms
2019-04-30 16:27:58,964 INFO 1652 [egg:logger] init all loggers with options: {"dir":"C:\\Users\\Administrator\\Desktop\\shop\\server\\logs\\server","encoding":"utf8","env":"local","level":"INFO","consoleLevel":"INFO","disableConsoleAfterReady":false,"outputJSON":false,"buffer":true,"appLogName":"server-web.log","coreLogName":"egg-web.log","agentLogName":"egg-agent.log","errorLogName":"common-error.log","coreLogger":{"consoleLevel":"WARN"},"allowDebugAtProd":false,"type":"application"}
2019-04-30 16:27:59,004 INFO 1652 [egg-multipart] stream mode enable
2019-04-30 16:27:59,447 INFO 1652 [egg-mongoose] connecting mongodb://127.0.0.1/shoppingMall
2019-04-30 16:27:59,766 INFO 1652 [egg-static] starting static serve /public/ -> C:\Users\Administrator\Desktop\shop\server\app\public
2019-04-30 16:27:59,768 INFO 1652 [egg-security] use methodnoallow middleware
2019-04-30 16:27:59,769 INFO 1652 [egg-security] use noopen middleware
2019-04-30 16:27:59,770 INFO 1652 [egg-security] use nosniff middleware
2019-04-30 16:27:59,770 INFO 1652 [egg-security] use xssProtection middleware
2019-04-30 16:27:59,771 INFO 1652 [egg-security] use xframe middleware
2019-04-30 16:27:59,771 INFO 1652 [egg-security] use dta middleware
2019-04-30 16:27:59,771 INFO 1652 [egg-security] compose 6 middlewares into one security middleware
2019-04-30 16:27:59,791 INFO 1652 [egg:core] dump config after load, 7ms
2019-04-30 16:27:59,795 INFO 1652 [egg-mongoose] starting...
2019-04-30 16:27:59,855 INFO 1652 [egg-mongoose] mongodb://127.0.0.1/shoppingMall connected successfully
2019-04-30 16:27:59,867 INFO 1652 [egg-mongoose] instance[0] start successfully
2019-04-30 16:27:59,872 INFO 1652 [egg-watcher:application] watcher start success
2019-04-30 16:27:59,891 INFO 1652 [egg:core] dump config after ready, 17ms
2019-05-08 11:13:01,282 INFO 7920 [egg:logger] init all loggers with options: {"dir":"C:\\Users\\Administrator\\Desktop\\shop\\server\\logs\\server","encoding":"utf8","env":"local","level":"INFO","consoleLevel":"INFO","disableConsoleAfterReady":false,"outputJSON":false,"buffer":true,"appLogName":"server-web.log","coreLogName":"egg-web.log","agentLogName":"egg-agent.log","errorLogName":"common-error.log","coreLogger":{"consoleLevel":"WARN"},"allowDebugAtProd":false,"type":"application"}
2019-05-08 11:13:01,317 INFO 7920 [egg-multipart] stream mode enable
2019-05-08 11:13:01,786 INFO 7920 [egg-mongoose] connecting mongodb://127.0.0.1/shoppingMall
2019-05-08 11:13:02,170 INFO 7920 [egg-static] starting static serve /public/ -> C:\Users\Administrator\Desktop\shop\server\app\public
2019-05-08 11:13:02,173 INFO 7920 [egg-security] use methodnoallow middleware
2019-05-08 11:13:02,174 INFO 7920 [egg-security] use noopen middleware
2019-05-08 11:13:02,175 INFO 7920 [egg-security] use nosniff middleware
2019-05-08 11:13:02,176 INFO 7920 [egg-security] use xssProtection middleware
2019-05-08 11:13:02,176 INFO 7920 [egg-security] use xframe middleware
2019-05-08 11:13:02,177 INFO 7920 [egg-security] use dta middleware
2019-05-08 11:13:02,177 INFO 7920 [egg-security] compose 6 middlewares into one security middleware
2019-05-08 11:13:02,203 INFO 7920 [egg:core] dump config after load, 7ms
2019-05-08 11:13:02,205 INFO 7920 [egg-mongoose] starting...
2019-05-08 11:13:02,244 INFO 7920 [egg-mongoose] mongodb://127.0.0.1/shoppingMall connected successfully
2019-05-08 11:13:02,251 INFO 7920 [egg-mongoose] instance[0] start successfully
2019-05-08 11:13:02,253 INFO 7920 [egg-watcher:application] watcher start success
2019-05-08 11:13:02,265 INFO 7920 [egg:core] dump config after ready, 9ms
2019-05-08 16:19:35,343 INFO 6608 [egg:logger] init all loggers with options: {"dir":"C:\\Users\\Administrator\\Desktop\\shop\\server\\logs\\server","encoding":"utf8","env":"local","level":"INFO","consoleLevel":"INFO","disableConsoleAfterReady":false,"outputJSON":false,"buffer":true,"appLogName":"server-web.log","coreLogName":"egg-web.log","agentLogName":"egg-agent.log","errorLogName":"common-error.log","coreLogger":{"consoleLevel":"WARN"},"allowDebugAtProd":false,"type":"application"}
2019-05-08 16:19:35,395 INFO 6608 [egg-multipart] stream mode enable
2019-05-08 16:19:36,206 INFO 6608 [egg-mongoose] connecting mongodb://127.0.0.1/shoppingMall
2019-05-08 16:19:36,761 INFO 6608 [egg-static] starting static serve /public/ -> C:\Users\Administrator\Desktop\shop\server\app\public
2019-05-08 16:19:36,765 INFO 6608 [egg-security] use methodnoallow middleware
2019-05-08 16:19:36,765 INFO 6608 [egg-security] use noopen middleware
2019-05-08 16:19:36,767 INFO 6608 [egg-security] use nosniff middleware
2019-05-08 16:19:36,767 INFO 6608 [egg-security] use xssProtection middleware
2019-05-08 16:19:36,768 INFO 6608 [egg-security] use xframe middleware
2019-05-08 16:19:36,769 INFO 6608 [egg-security] use dta middleware
2019-05-08 16:19:36,769 INFO 6608 [egg-security] compose 6 middlewares into one security middleware
2019-05-08 16:19:36,812 INFO 6608 [egg:core] dump config after load, 17ms
2019-05-08 16:19:36,816 INFO 6608 [egg-mongoose] starting...
2019-05-08 16:19:36,882 INFO 6608 [egg-mongoose] mongodb://127.0.0.1/shoppingMall connected successfully
2019-05-08 16:19:36,894 INFO 6608 [egg-mongoose] instance[0] start successfully
2019-05-08 16:19:36,897 INFO 6608 [egg-watcher:application] watcher start success
2019-05-08 16:19:36,916 INFO 6608 [egg:core] dump config after ready, 14ms
2019-05-10 08:53:01,754 INFO 3636 [egg:logger] init all loggers with options: {"dir":"C:\\Users\\Administrator\\Desktop\\shop\\server\\logs\\server","encoding":"utf8","env":"local","level":"INFO","consoleLevel":"INFO","disableConsoleAfterReady":false,"outputJSON":false,"buffer":true,"appLogName":"server-web.log","coreLogName":"egg-web.log","agentLogName":"egg-agent.log","errorLogName":"common-error.log","coreLogger":{"consoleLevel":"WARN"},"allowDebugAtProd":false,"type":"application"}
2019-05-10 08:53:01,791 INFO 3636 [egg-multipart] stream mode enable
2019-05-10 08:53:02,221 INFO 3636 [egg-mongoose] connecting mongodb://127.0.0.1/shoppingMall
2019-05-10 08:53:02,558 INFO 3636 [egg-static] starting static serve /public/ -> C:\Users\Administrator\Desktop\shop\server\app\public
2019-05-10 08:53:02,566 INFO 3636 [egg-security] use methodnoallow middleware
2019-05-10 08:53:02,567 INFO 3636 [egg-security] use noopen middleware
2019-05-10 08:53:02,568 INFO 3636 [egg-security] use nosniff middleware
2019-05-10 08:53:02,569 INFO 3636 [egg-security] use xssProtection middleware
2019-05-10 08:53:02,569 INFO 3636 [egg-security] use xframe middleware
2019-05-10 08:53:02,570 INFO 3636 [egg-security] use dta middleware
2019-05-10 08:53:02,570 INFO 3636 [egg-security] compose 6 middlewares into one security middleware
2019-05-10 08:53:02,592 INFO 3636 [egg:core] dump config after load, 5ms
2019-05-10 08:53:02,596 INFO 3636 [egg-mongoose] starting...
2019-05-10 08:53:02,634 INFO 3636 [egg-watcher:application] watcher start success
2019-05-10 08:53:02,638 INFO 3636 [egg-mongoose] mongodb://127.0.0.1/shoppingMall connected successfully
2019-05-10 08:53:02,645 INFO 3636 [egg-mongoose] instance[0] start successfully
2019-05-10 08:53:02,651 INFO 3636 [egg:core] dump config after ready, 5ms
2019-05-10 08:53:17,447 INFO 7048 [egg:logger] init all loggers with options: {"dir":"C:\\Users\\Administrator\\Desktop\\shop\\server\\logs\\server","encoding":"utf8","env":"local","level":"INFO","consoleLevel":"INFO","disableConsoleAfterReady":false,"outputJSON":false,"buffer":true,"appLogName":"server-web.log","coreLogName":"egg-web.log","agentLogName":"egg-agent.log","errorLogName":"common-error.log","coreLogger":{"consoleLevel":"WARN"},"allowDebugAtProd":false,"type":"application"}
2019-05-10 08:53:17,484 INFO 7048 [egg-multipart] stream mode enable
2019-05-10 08:53:17,774 INFO 7048 [egg-mongoose] connecting mongodb://127.0.0.1/shoppingMall
2019-05-10 08:53:18,005 INFO 7048 [egg-static] starting static serve /public/ -> C:\Users\Administrator\Desktop\shop\server\app\public
2019-05-10 08:53:18,008 INFO 7048 [egg-security] use methodnoallow middleware
2019-05-10 08:53:18,008 INFO 7048 [egg-security] use noopen middleware
2019-05-10 08:53:18,009 INFO 7048 [egg-security] use nosniff middleware
2019-05-10 08:53:18,009 INFO 7048 [egg-security] use xssProtection middleware
2019-05-10 08:53:18,010 INFO 7048 [egg-security] use xframe middleware
2019-05-10 08:53:18,010 INFO 7048 [egg-security] use dta middleware
2019-05-10 08:53:18,010 INFO 7048 [egg-security] compose 6 middlewares into one security middleware
2019-05-10 08:53:18,028 INFO 7048 [egg:core] dump config after load, 6ms
2019-05-10 08:53:18,030 INFO 7048 [egg-mongoose] starting...
2019-05-10 08:53:18,066 INFO 7048 [egg-mongoose] mongodb://127.0.0.1/shoppingMall connected successfully
2019-05-10 08:53:18,073 INFO 7048 [egg-mongoose] instance[0] start successfully
2019-05-10 08:53:18,075 INFO 7048 [egg-watcher:application] watcher start success
2019-05-10 08:53:18,087 INFO 7048 [egg:core] dump config after ready, 6ms
2019-07-01 09:48:43,781 INFO 404 [egg:logger] init all loggers with options: {"dir":"C:\\Users\\Administrator\\Desktop\\vue商城项目\\server\\logs\\server","encoding":"utf8","env":"local","level":"INFO","consoleLevel":"INFO","disableConsoleAfterReady":false,"outputJSON":false,"buffer":true,"appLogName":"server-web.log","coreLogName":"egg-web.log","agentLogName":"egg-agent.log","errorLogName":"common-error.log","coreLogger":{"consoleLevel":"WARN"},"allowDebugAtProd":false,"type":"application"}
2019-07-01 09:48:43,808 INFO 404 [egg-multipart] stream mode enable
2019-07-01 09:48:44,102 INFO 404 [egg-mongoose] connecting mongodb://127.0.0.1/shoppingMall
2019-07-01 09:48:44,329 INFO 404 [egg-static] starting static serve /public/ -> C:\Users\Administrator\Desktop\vue商城项目\server\app\public
2019-07-01 09:48:44,332 INFO 404 [egg-security] use methodnoallow middleware
2019-07-01 09:48:44,333 INFO 404 [egg-security] use noopen middleware
2019-07-01 09:48:44,333 INFO 404 [egg-security] use nosniff middleware
2019-07-01 09:48:44,334 INFO 404 [egg-security] use xssProtection middleware
2019-07-01 09:48:44,335 INFO 404 [egg-security] use xframe middleware
2019-07-01 09:48:44,335 INFO 404 [egg-security] use dta middleware
2019-07-01 09:48:44,335 INFO 404 [egg-security] compose 6 middlewares into one security middleware
2019-07-01 09:48:44,360 INFO 404 [egg:core] dump config after load, 9ms
2019-07-01 09:48:44,363 INFO 404 [egg-mongoose] starting...
2019-07-01 09:48:44,412 INFO 404 [egg-mongoose] mongodb://127.0.0.1/shoppingMall connected successfully
2019-07-01 09:48:44,420 INFO 404 [egg-mongoose] instance[0] start successfully
2019-07-01 09:48:44,423 INFO 404 [egg-watcher:application] watcher start success
2019-07-01 09:48:44,436 INFO 404 [egg:core] dump config after ready, 11ms
2019-07-03 14:42:37,659 INFO 9404 [egg:logger] init all loggers with options: {"dir":"C:\\Users\\Administrator\\Desktop\\vue商城项目\\server\\logs\\server","encoding":"utf8","env":"local","level":"INFO","consoleLevel":"INFO","disableConsoleAfterReady":false,"outputJSON":false,"buffer":true,"appLogName":"server-web.log","coreLogName":"egg-web.log","agentLogName":"egg-agent.log","errorLogName":"common-error.log","coreLogger":{"consoleLevel":"WARN"},"allowDebugAtProd":false,"type":"application"}
2019-07-03 14:42:37,688 INFO 9404 [egg-multipart] stream mode enable
2019-07-03 14:42:38,256 INFO 9404 [egg-mongoose] connecting mongodb://127.0.0.1/shoppingMall
2019-07-03 14:42:38,818 INFO 9404 [egg-static] starting static serve /public/ -> C:\Users\Administrator\Desktop\vue商城项目\server\app\public
2019-07-03 14:42:38,824 INFO 9404 [egg-security] use methodnoallow middleware
2019-07-03 14:42:38,826 INFO 9404 [egg-security] use noopen middleware
2019-07-03 14:42:38,827 INFO 9404 [egg-security] use nosniff middleware
2019-07-03 14:42:38,829 INFO 9404 [egg-security] use xssProtection middleware
2019-07-03 14:42:38,829 INFO 9404 [egg-security] use xframe middleware
2019-07-03 14:42:38,831 INFO 9404 [egg-security] use dta middleware
2019-07-03 14:42:38,831 INFO 9404 [egg-security] compose 6 middlewares into one security middleware
2019-07-03 14:42:38,873 INFO 9404 [egg:core] dump config after load, 11ms
2019-07-03 14:42:38,882 INFO 9404 [egg-mongoose] starting...
2019-07-03 14:42:38,939 INFO 9404 [egg-mongoose] mongodb://127.0.0.1/shoppingMall connected successfully
2019-07-03 14:42:38,946 INFO 9404 [egg-mongoose] instance[0] start successfully
2019-07-03 14:42:38,949 INFO 9404 [egg-watcher:application] watcher start success
2019-07-03 14:42:38,962 INFO 9404 [egg:core] dump config after ready, 8ms
2019-07-03 15:24:23,550 INFO 10252 [egg:logger] init all loggers with options: {"dir":"C:\\Users\\Administrator\\Desktop\\vue商城项目\\server\\logs\\server","encoding":"utf8","env":"local","level":"INFO","consoleLevel":"INFO","disableConsoleAfterReady":false,"outputJSON":false,"buffer":true,"appLogName":"server-web.log","coreLogName":"egg-web.log","agentLogName":"egg-agent.log","errorLogName":"common-error.log","coreLogger":{"consoleLevel":"WARN"},"allowDebugAtProd":false,"type":"application"}
2019-07-03 15:24:23,579 INFO 10252 [egg-multipart] stream mode enable
2019-07-03 15:24:24,217 INFO 10252 [egg-mongoose] connecting mongodb://127.0.0.1/shoppingMall
2019-07-03 15:24:24,649 INFO 10252 [egg-static] starting static serve /public/ -> C:\Users\Administrator\Desktop\vue商城项目\server\app\public
2019-07-03 15:24:24,652 INFO 10252 [egg-security] use methodnoallow middleware
2019-07-03 15:24:24,653 INFO 10252 [egg-security] use noopen middleware
2019-07-03 15:24:24,654 INFO 10252 [egg-security] use nosniff middleware
2019-07-03 15:24:24,655 INFO 10252 [egg-security] use xssProtection middleware
2019-07-03 15:24:24,656 INFO 10252 [egg-security] use xframe middleware
2019-07-03 15:24:24,656 INFO 10252 [egg-security] use dta middleware
2019-07-03 15:24:24,656 INFO 10252 [egg-security] compose 6 middlewares into one security middleware
2019-07-03 15:24:24,684 INFO 10252 [egg:core] dump config after load, 7ms
2019-07-03 15:24:24,687 INFO 10252 [egg-mongoose] starting...
2019-07-03 15:24:24,727 INFO 10252 [egg-mongoose] mongodb://127.0.0.1/shoppingMall connected successfully
2019-07-03 15:24:24,735 INFO 10252 [egg-mongoose] instance[0] start successfully
2019-07-03 15:24:24,737 INFO 10252 [egg-watcher:application] watcher start success
2019-07-03 15:24:24,748 INFO 10252 [egg:core] dump config after ready, 7ms
2019-12-28 14:24:12,756 INFO 16528 [egg:logger] init all loggers with options: {"dir":"D:\\前端\\project\\mall\\server\\logs\\server","encoding":"utf8","env":"local","level":"INFO","consoleLevel":"INFO","disableConsoleAfterReady":false,"outputJSON":false,"buffer":true,"appLogName":"server-web.log","coreLogName":"egg-web.log","agentLogName":"egg-agent.log","errorLogName":"common-error.log","coreLogger":{"consoleLevel":"WARN"},"allowDebugAtProd":false,"type":"application"}
2019-12-28 14:24:12,806 INFO 16528 [egg-multipart] stream mode enable
2019-12-28 14:24:14,816 INFO 16528 [egg-mongoose] connecting mongodb://127.0.0.1/shoppingMall
2019-12-28 14:24:16,398 INFO 16528 [egg-static] starting static serve /public/ -> D:\前端\project\mall\server\app\public
2019-12-28 14:24:16,418 INFO 16528 [egg-security] use methodnoallow middleware
2019-12-28 14:24:16,419 INFO 16528 [egg-security] use noopen middleware
2019-12-28 14:24:16,422 INFO 16528 [egg-security] use nosniff middleware
2019-12-28 14:24:16,423 INFO 16528 [egg-security] use xssProtection middleware
2019-12-28 14:24:16,425 INFO 16528 [egg-security] use xframe middleware
2019-12-28 14:24:16,426 INFO 16528 [egg-security] use dta middleware
2019-12-28 14:24:16,426 INFO 16528 [egg-security] compose 6 middlewares into one security middleware
2019-12-28 14:24:16,540 INFO 16528 [egg:core] dump config after load, 8ms
2019-12-28 14:24:16,561 INFO 16528 [egg-mongoose] starting...
2019-12-28 14:24:16,653 INFO 16528 [egg-watcher:application] watcher start success
2019-12-28 14:24:16,685 INFO 16528 [egg-mongoose] mongodb://127.0.0.1/shoppingMall connected successfully
2019-12-28 14:24:16,694 INFO 16528 [egg-mongoose] instance[0] start successfully
2019-12-28 14:24:16,705 INFO 16528 [egg:core] dump config after ready, 9ms
2019-12-28 14:27:36,208 INFO 1216 [egg:logger] init all loggers with options: {"dir":"D:\\前端\\project\\mall\\server\\logs\\server","encoding":"utf8","env":"local","level":"INFO","consoleLevel":"INFO","disableConsoleAfterReady":false,"outputJSON":false,"buffer":true,"appLogName":"server-web.log","coreLogName":"egg-web.log","agentLogName":"egg-agent.log","errorLogName":"common-error.log","coreLogger":{"consoleLevel":"WARN"},"allowDebugAtProd":false,"type":"application"}
2019-12-28 14:27:36,258 INFO 1216 [egg-multipart] stream mode enable
2019-12-28 14:27:36,983 INFO 1216 [egg-mongoose] connecting mongodb://127.0.0.1/shoppingMall
2019-12-28 14:27:37,583 INFO 1216 [egg-static] starting static serve /public/ -> D:\前端\project\mall\server\app\public
2019-12-28 14:27:37,589 INFO 1216 [egg-security] use methodnoallow middleware
2019-12-28 14:27:37,591 INFO 1216 [egg-security] use noopen middleware
2019-12-28 14:27:37,594 INFO 1216 [egg-security] use nosniff middleware
2019-12-28 14:27:37,595 INFO 1216 [egg-security] use xssProtection middleware
2019-12-28 14:27:37,596 INFO 1216 [egg-security] use xframe middleware
2019-12-28 14:27:37,597 INFO 1216 [egg-security] use dta middleware
2019-12-28 14:27:37,597 INFO 1216 [egg-security] compose 6 middlewares into one security middleware
2019-12-28 14:27:37,641 INFO 1216 [egg:core] dump config after load, 9ms
2019-12-28 14:27:37,674 INFO 1216 [egg-mongoose] starting...
2019-12-28 14:27:37,762 INFO 1216 [egg-mongoose] mongodb://127.0.0.1/shoppingMall connected successfully
2019-12-28 14:27:37,779 INFO 1216 [egg-mongoose] instance[0] start successfully
2019-12-28 14:27:37,783 INFO 1216 [egg-watcher:application] watcher start success
2019-12-28 14:27:37,798 INFO 1216 [egg:core] dump config after ready, 11ms
2019-12-28 17:41:27,638 INFO 17568 [egg:logger] init all loggers with options: {"dir":"D:\\前端\\project\\mall\\server\\logs\\server","encoding":"utf8","env":"local","level":"INFO","consoleLevel":"INFO","disableConsoleAfterReady":false,"outputJSON":false,"buffer":true,"appLogName":"server-web.log","coreLogName":"egg-web.log","agentLogName":"egg-agent.log","errorLogName":"common-error.log","coreLogger":{"consoleLevel":"WARN"},"allowDebugAtProd":false,"type":"application"}
2019-12-28 17:41:27,689 INFO 17568 [egg-multipart] stream mode enable
2019-12-28 17:41:28,827 INFO 17568 [egg-mongoose] connecting mongodb://127.0.0.1/shoppingMall
2019-12-28 17:41:29,991 INFO 17568 [egg-static] starting static serve /public/ -> D:\前端\project\mall\server\app\public
2019-12-28 17:41:29,996 INFO 17568 [egg-security] use methodnoallow middleware
2019-12-28 17:41:29,998 INFO 17568 [egg-security] use noopen middleware
2019-12-28 17:41:30,001 INFO 17568 [egg-security] use nosniff middleware
2019-12-28 17:41:30,002 INFO 17568 [egg-security] use xssProtection middleware
2019-12-28 17:41:30,003 INFO 17568 [egg-security] use xframe middleware
2019-12-28 17:41:30,005 INFO 17568 [egg-security] use dta middleware
2019-12-28 17:41:30,005 INFO 17568 [egg-security] compose 6 middlewares into one security middleware
2019-12-28 17:41:30,110 INFO 17568 [egg:core] dump config after load, 7ms
2019-12-28 17:41:30,139 INFO 17568 [egg-mongoose] starting...
2019-12-28 17:41:30,223 INFO 17568 [egg-mongoose] mongodb://127.0.0.1/shoppingMall connected successfully
2019-12-28 17:41:30,237 INFO 17568 [egg-mongoose] instance[0] start successfully
2019-12-28 17:41:30,240 INFO 17568 [egg-watcher:application] watcher start success
2019-12-28 17:41:30,251 INFO 17568 [egg:core] dump config after ready, 8ms
2019-12-28 17:41:29,853 INFO 16684 [egg:logger] init all loggers with options: {"dir":"D:\\前端\\project\\mall\\server\\logs\\server","encoding":"utf8","env":"local","level":"INFO","consoleLevel":"INFO","disableConsoleAfterReady":false,"outputJSON":false,"buffer":true,"appLogName":"server-web.log","coreLogName":"egg-web.log","agentLogName":"egg-agent.log","errorLogName":"common-error.log","coreLogger":{"consoleLevel":"WARN"},"allowDebugAtProd":false,"type":"application"}
2019-12-28 17:41:29,902 INFO 16684 [egg-multipart] stream mode enable
2019-12-28 17:41:30,651 INFO 16684 [egg-mongoose] connecting mongodb://127.0.0.1/shoppingMall
2019-12-28 17:41:31,240 INFO 16684 [egg-static] starting static serve /public/ -> D:\前端\project\mall\server\app\public
2019-12-28 17:41:31,245 INFO 16684 [egg-security] use methodnoallow middleware
2019-12-28 17:41:31,246 INFO 16684 [egg-security] use noopen middleware
2019-12-28 17:41:31,250 INFO 16684 [egg-security] use nosniff middleware
2019-12-28 17:41:31,252 INFO 16684 [egg-security] use xssProtection middleware
2019-12-28 17:41:31,253 INFO 16684 [egg-security] use xframe middleware
2019-12-28 17:41:31,254 INFO 16684 [egg-security] use dta middleware
2019-12-28 17:41:31,254 INFO 16684 [egg-security] compose 6 middlewares into one security middleware
2019-12-28 17:41:31,295 INFO 16684 [egg:core] dump config after load, 7ms
2019-12-28 17:41:31,322 INFO 16684 [egg-mongoose] starting...
2019-12-28 17:41:31,409 INFO 16684 [egg-mongoose] mongodb://127.0.0.1/shoppingMall connected successfully
2019-12-28 17:41:31,424 INFO 16684 [egg-mongoose] instance[0] start successfully
2019-12-28 17:41:31,429 INFO 16684 [egg-watcher:application] watcher start success
2019-12-28 17:41:31,442 INFO 16684 [egg:core] dump config after ready, 10ms
2019-12-28 17:41:33,882 INFO 16132 [egg:logger] init all loggers with options: {"dir":"D:\\前端\\project\\mall\\server\\logs\\server","encoding":"utf8","env":"local","level":"INFO","consoleLevel":"INFO","disableConsoleAfterReady":false,"outputJSON":false,"buffer":true,"appLogName":"server-web.log","coreLogName":"egg-web.log","agentLogName":"egg-agent.log","errorLogName":"common-error.log","coreLogger":{"consoleLevel":"WARN"},"allowDebugAtProd":false,"type":"application"}
2019-12-28 17:41:33,933 INFO 16132 [egg-multipart] stream mode enable
2019-12-28 17:41:34,763 INFO 16132 [egg-mongoose] connecting mongodb://127.0.0.1/shoppingMall
2019-12-28 17:41:35,430 INFO 16132 [egg-static] starting static serve /public/ -> D:\前端\project\mall\server\app\public
2019-12-28 17:41:35,436 INFO 16132 [egg-security] use methodnoallow middleware
2019-12-28 17:41:35,438 INFO 16132 [egg-security] use noopen middleware
2019-12-28 17:41:35,441 INFO 16132 [egg-security] use nosniff middleware
2019-12-28 17:41:35,442 INFO 16132 [egg-security] use xssProtection middleware
2019-12-28 17:41:35,443 INFO 16132 [egg-security] use xframe middleware
2019-12-28 17:41:35,444 INFO 16132 [egg-security] use dta middleware
2019-12-28 17:41:35,444 INFO 16132 [egg-security] compose 6 middlewares into one security middleware
2019-12-28 17:41:35,491 INFO 16132 [egg:core] dump config after load, 8ms
2019-12-28 17:41:35,522 INFO 16132 [egg-mongoose] starting...
2019-12-28 17:41:35,620 INFO 16132 [egg-mongoose] mongodb://127.0.0.1/shoppingMall connected successfully
2019-12-28 17:41:35,641 INFO 16132 [egg-mongoose] instance[0] start successfully
2019-12-28 17:41:35,653 INFO 16132 [egg-watcher:application] watcher start success
2019-12-28 17:41:35,668 INFO 16132 [egg:core] dump config after ready, 13ms
2019-12-28 18:10:15,701 INFO 8128 [egg:logger] init all loggers with options: {"dir":"D:\\前端\\project\\mall\\server\\logs\\server","encoding":"utf8","env":"local","level":"INFO","consoleLevel":"INFO","disableConsoleAfterReady":false,"outputJSON":false,"buffer":true,"appLogName":"server-web.log","coreLogName":"egg-web.log","agentLogName":"egg-agent.log","errorLogName":"common-error.log","coreLogger":{"consoleLevel":"WARN"},"allowDebugAtProd":false,"type":"application"}
2019-12-28 18:10:15,757 INFO 8128 [egg-multipart] stream mode enable
2019-12-28 18:10:16,535 INFO 8128 [egg-mongoose] connecting mongodb://127.0.0.1/shoppingMall
2019-12-28 18:10:17,212 INFO 8128 [egg-static] starting static serve /public/ -> D:\前端\project\mall\server\app\public
2019-12-28 18:10:17,219 INFO 8128 [egg-security] use methodnoallow middleware
2019-12-28 18:10:17,221 INFO 8128 [egg-security] use noopen middleware
2019-12-28 18:10:17,223 INFO 8128 [egg-security] use nosniff middleware
2019-12-28 18:10:17,225 INFO 8128 [egg-security] use xssProtection middleware
2019-12-28 18:10:17,226 INFO 8128 [egg-security] use xframe middleware
2019-12-28 18:10:17,227 INFO 8128 [egg-security] use dta middleware
2019-12-28 18:10:17,227 INFO 8128 [egg-security] compose 6 middlewares into one security middleware
2019-12-28 18:10:17,271 INFO 8128 [egg:core] dump config after load, 8ms
2019-12-28 18:10:17,298 INFO 8128 [egg-mongoose] starting...
2019-12-28 18:10:17,391 INFO 8128 [egg-mongoose] mongodb://127.0.0.1/shoppingMall connected successfully
2019-12-28 18:10:17,419 INFO 8128 [egg-mongoose] instance[0] start successfully
2019-12-28 18:10:17,423 INFO 8128 [egg-watcher:application] watcher start success
2019-12-28 18:10:17,439 INFO 8128 [egg:core] dump config after ready, 11ms
2019-12-29 15:58:52,788 INFO 1080 [egg:logger] init all loggers with options: {"dir":"D:\\前端\\project\\mall\\server\\logs\\server","encoding":"utf8","env":"local","level":"INFO","consoleLevel":"INFO","disableConsoleAfterReady":false,"outputJSON":false,"buffer":true,"appLogName":"server-web.log","coreLogName":"egg-web.log","agentLogName":"egg-agent.log","errorLogName":"common-error.log","coreLogger":{"consoleLevel":"WARN"},"allowDebugAtProd":false,"type":"application"}
2019-12-29 15:58:52,838 INFO 1080 [egg-multipart] stream mode enable
2019-12-29 15:58:54,283 INFO 1080 [egg-mongoose] connecting mongodb://127.0.0.1/shoppingMall
2019-12-29 15:58:55,942 INFO 1080 [egg-static] starting static serve /public/ -> D:\前端\project\mall\server\app\public
2019-12-29 15:58:55,958 INFO 1080 [egg-security] use methodnoallow middleware
2019-12-29 15:58:55,960 INFO 1080 [egg-security] use noopen middleware
2019-12-29 15:58:55,963 INFO 1080 [egg-security] use nosniff middleware
2019-12-29 15:58:55,965 INFO 1080 [egg-security] use xssProtection middleware
2019-12-29 15:58:55,966 INFO 1080 [egg-security] use xframe middleware
2019-12-29 15:58:55,967 INFO 1080 [egg-security] use dta middleware
2019-12-29 15:58:55,967 INFO 1080 [egg-security] compose 6 middlewares into one security middleware
2019-12-29 15:58:56,096 INFO 1080 [egg:core] dump config after load, 8ms
2019-12-29 15:58:56,101 INFO 1080 [egg-mongoose] starting...
2019-12-29 15:58:54,836 INFO 14544 [egg:logger] init all loggers with options: {"dir":"D:\\前端\\project\\mall\\server\\logs\\server","encoding":"utf8","env":"local","level":"INFO","consoleLevel":"INFO","disableConsoleAfterReady":false,"outputJSON":false,"buffer":true,"appLogName":"server-web.log","coreLogName":"egg-web.log","agentLogName":"egg-agent.log","errorLogName":"common-error.log","coreLogger":{"consoleLevel":"WARN"},"allowDebugAtProd":false,"type":"application"}
2019-12-29 15:58:54,880 INFO 14544 [egg-multipart] stream mode enable
2019-12-29 15:58:55,545 INFO 14544 [egg-mongoose] connecting mongodb://127.0.0.1/shoppingMall
2019-12-29 15:58:56,145 INFO 14544 [egg-static] starting static serve /public/ -> D:\前端\project\mall\server\app\public
2019-12-29 15:58:56,151 INFO 14544 [egg-security] use methodnoallow middleware
2019-12-29 15:58:56,152 INFO 14544 [egg-security] use noopen middleware
2019-12-29 15:58:56,155 INFO 14544 [egg-security] use nosniff middleware
2019-12-29 15:58:56,157 INFO 14544 [egg-security] use xssProtection middleware
2019-12-29 15:58:56,159 INFO 14544 [egg-security] use xframe middleware
2019-12-29 15:58:56,160 INFO 14544 [egg-security] use dta middleware
2019-12-29 15:58:56,160 INFO 14544 [egg-security] compose 6 middlewares into one security middleware
2019-12-29 15:58:56,206 INFO 14544 [egg:core] dump config after load, 8ms
2019-12-29 15:58:56,212 INFO 14544 [egg-mongoose] starting...
2019-12-29 15:58:56,290 INFO 14544 [egg-mongoose] mongodb://127.0.0.1/shoppingMall connected successfully
2019-12-29 15:58:56,305 INFO 14544 [egg-mongoose] instance[0] start successfully
2019-12-29 15:58:56,308 INFO 14544 [egg-watcher:application] watcher start success
2019-12-29 15:58:56,320 INFO 14544 [egg:core] dump config after ready, 7ms
2019-12-29 15:58:58,466 INFO 11228 [egg:logger] init all loggers with options: {"dir":"D:\\前端\\project\\mall\\server\\logs\\server","encoding":"utf8","env":"local","level":"INFO","consoleLevel":"INFO","disableConsoleAfterReady":false,"outputJSON":false,"buffer":true,"appLogName":"server-web.log","coreLogName":"egg-web.log","agentLogName":"egg-agent.log","errorLogName":"common-error.log","coreLogger":{"consoleLevel":"WARN"},"allowDebugAtProd":false,"type":"application"}
2019-12-29 15:58:58,513 INFO 11228 [egg-multipart] stream mode enable
2019-12-29 15:58:59,161 INFO 11228 [egg-mongoose] connecting mongodb://127.0.0.1/shoppingMall
2019-12-29 15:58:59,716 INFO 11228 [egg-static] starting static serve /public/ -> D:\前端\project\mall\server\app\public
2019-12-29 15:58:59,722 INFO 11228 [egg-security] use methodnoallow middleware
2019-12-29 15:58:59,723 INFO 11228 [egg-security] use noopen middleware
2019-12-29 15:58:59,726 INFO 11228 [egg-security] use nosniff middleware
2019-12-29 15:58:59,727 INFO 11228 [egg-security] use xssProtection middleware
2019-12-29 15:58:59,728 INFO 11228 [egg-security] use xframe middleware
2019-12-29 15:58:59,729 INFO 11228 [egg-security] use dta middleware
2019-12-29 15:58:59,729 INFO 11228 [egg-security] compose 6 middlewares into one security middleware
2019-12-29 15:58:59,770 INFO 11228 [egg:core] dump config after load, 7ms
2019-12-29 15:58:59,775 INFO 11228 [egg-mongoose] starting...
2019-12-29 15:58:59,861 INFO 11228 [egg-mongoose] mongodb://127.0.0.1/shoppingMall connected successfully
2019-12-29 15:58:59,870 INFO 11228 [egg-mongoose] instance[0] start successfully
2019-12-29 15:58:59,874 INFO 11228 [egg-watcher:application] watcher start success
2019-12-29 15:58:59,886 INFO 11228 [egg:core] dump config after ready, 8ms
2019-12-29 15:59:02,094 INFO 7568 [egg:logger] init all loggers with options: {"dir":"D:\\前端\\project\\mall\\server\\logs\\server","encoding":"utf8","env":"local","level":"INFO","consoleLevel":"INFO","disableConsoleAfterReady":false,"outputJSON":false,"buffer":true,"appLogName":"server-web.log","coreLogName":"egg-web.log","agentLogName":"egg-agent.log","errorLogName":"common-error.log","coreLogger":{"consoleLevel":"WARN"},"allowDebugAtProd":false,"type":"application"}
2019-12-29 15:59:02,144 INFO 7568 [egg-multipart] stream mode enable
2019-12-29 15:59:02,843 INFO 7568 [egg-mongoose] connecting mongodb://127.0.0.1/shoppingMall
2019-12-29 15:59:03,447 INFO 7568 [egg-static] starting static serve /public/ -> D:\前端\project\mall\server\app\public
2019-12-29 15:59:03,452 INFO 7568 [egg-security] use methodnoallow middleware
2019-12-29 15:59:03,454 INFO 7568 [egg-security] use noopen middleware
2019-12-29 15:59:03,457 INFO 7568 [egg-security] use nosniff middleware
2019-12-29 15:59:03,459 INFO 7568 [egg-security] use xssProtection middleware
2019-12-29 15:59:03,460 INFO 7568 [egg-security] use xframe middleware
2019-12-29 15:59:03,461 INFO 7568 [egg-security] use dta middleware
2019-12-29 15:59:03,461 INFO 7568 [egg-security] compose 6 middlewares into one security middleware
2019-12-29 15:59:03,505 INFO 7568 [egg:core] dump config after load, 11ms
2019-12-29 15:59:03,510 INFO 7568 [egg-mongoose] starting...
2019-12-29 15:59:03,579 INFO 7568 [egg-mongoose] mongodb://127.0.0.1/shoppingMall connected successfully
2019-12-29 15:59:03,594 INFO 7568 [egg-mongoose] instance[0] start successfully
2019-12-29 15:59:03,597 INFO 7568 [egg-watcher:application] watcher start success
2019-12-29 15:59:03,610 INFO 7568 [egg:core] dump config after ready, 8ms
2019-12-29 17:58:50,281 INFO 9788 [egg:logger] init all loggers with options: {"dir":"D:\\前端\\project\\mall\\server\\logs\\server","encoding":"utf8","env":"local","level":"INFO","consoleLevel":"INFO","disableConsoleAfterReady":false,"outputJSON":false,"buffer":true,"appLogName":"server-web.log","coreLogName":"egg-web.log","agentLogName":"egg-agent.log","errorLogName":"common-error.log","coreLogger":{"consoleLevel":"WARN"},"allowDebugAtProd":false,"type":"application"}
2019-12-29 17:58:50,362 INFO 9788 [egg-multipart] stream mode enable
2019-12-29 17:58:52,033 INFO 9788 [egg-mongoose] connecting mongodb://127.0.0.1/shoppingMall
2019-12-29 17:58:53,447 INFO 9788 [egg-static] starting static serve /public/ -> D:\前端\project\mall\server\app\public
2019-12-29 17:58:53,455 INFO 9788 [egg-security] use methodnoallow middleware
2019-12-29 17:58:53,456 INFO 9788 [egg-security] use noopen middleware
2019-12-29 17:58:53,460 INFO 9788 [egg-security] use nosniff middleware
2019-12-29 17:58:53,461 INFO 9788 [egg-security] use xssProtection middleware
2019-12-29 17:58:53,463 INFO 9788 [egg-security] use xframe middleware
2019-12-29 17:58:53,465 INFO 9788 [egg-security] use dta middleware
2019-12-29 17:58:53,465 INFO 9788 [egg-security] compose 6 middlewares into one security middleware
2019-12-29 17:58:53,613 INFO 9788 [egg:core] dump config after load, 9ms
2019-12-29 17:58:53,622 INFO 9788 [egg-mongoose] starting...
2019-12-29 17:58:53,690 INFO 9788 [egg-mongoose] mongodb://127.0.0.1/shoppingMall connected successfully
2019-12-29 17:58:53,700 INFO 9788 [egg-mongoose] instance[0] start successfully
2019-12-29 17:58:53,703 INFO 9788 [egg-watcher:application] watcher start success
2019-12-29 17:58:53,717 INFO 9788 [egg:core] dump config after ready, 10ms
2019-12-29 17:58:56,130 INFO 8376 [egg:logger] init all loggers with options: {"dir":"D:\\前端\\project\\mall\\server\\logs\\server","encoding":"utf8","env":"local","level":"INFO","consoleLevel":"INFO","disableConsoleAfterReady":false,"outputJSON":false,"buffer":true,"appLogName":"server-web.log","coreLogName":"egg-web.log","agentLogName":"egg-agent.log","errorLogName":"common-error.log","coreLogger":{"consoleLevel":"WARN"},"allowDebugAtProd":false,"type":"application"}
2019-12-29 17:58:56,180 INFO 8376 [egg-multipart] stream mode enable
2019-12-29 17:58:56,851 INFO 8376 [egg-mongoose] connecting mongodb://127.0.0.1/shoppingMall
2019-12-29 17:58:57,431 INFO 8376 [egg-static] starting static serve /public/ -> D:\前端\project\mall\server\app\public
2019-12-29 17:58:57,437 INFO 8376 [egg-security] use methodnoallow middleware
2019-12-29 17:58:57,438 INFO 8376 [egg-security] use noopen middleware
2019-12-29 17:58:57,441 INFO 8376 [egg-security] use nosniff middleware
2019-12-29 17:58:57,442 INFO 8376 [egg-security] use xssProtection middleware
2019-12-29 17:58:57,444 INFO 8376 [egg-security] use xframe middleware
2019-12-29 17:58:57,447 INFO 8376 [egg-security] use dta middleware
2019-12-29 17:58:57,447 INFO 8376 [egg-security] compose 6 middlewares into one security middleware
2019-12-29 17:58:57,495 INFO 8376 [egg:core] dump config after load, 8ms
2019-12-29 17:58:57,501 INFO 8376 [egg-mongoose] starting...
2019-12-29 17:58:57,565 INFO 8376 [egg-mongoose] mongodb://127.0.0.1/shoppingMall connected successfully
2019-12-29 17:58:57,579 INFO 8376 [egg-mongoose] instance[0] start successfully
2019-12-29 17:58:57,582 INFO 8376 [egg-watcher:application] watcher start success
2019-12-29 17:58:57,609 INFO 8376 [egg:core] dump config after ready, 23ms
2019-12-29 18:54:29,216 INFO 8204 [egg:logger] init all loggers with options: {"dir":"D:\\前端\\project\\mall\\server\\logs\\server","encoding":"utf8","env":"local","level":"INFO","consoleLevel":"INFO","disableConsoleAfterReady":false,"outputJSON":false,"buffer":true,"appLogName":"server-web.log","coreLogName":"egg-web.log","agentLogName":"egg-agent.log","errorLogName":"common-error.log","coreLogger":{"consoleLevel":"WARN"},"allowDebugAtProd":false,"type":"application"}
2019-12-29 18:54:29,263 INFO 8204 [egg-multipart] stream mode enable
2019-12-29 18:54:29,954 INFO 8204 [egg-mongoose] connecting mongodb://127.0.0.1/shoppingMall
2019-12-29 18:54:30,603 INFO 8204 [egg-static] starting static serve /public/ -> D:\前端\project\mall\server\app\public
2019-12-29 18:54:30,608 INFO 8204 [egg-security] use methodnoallow middleware
2019-12-29 18:54:30,610 INFO 8204 [egg-security] use noopen middleware
2019-12-29 18:54:30,613 INFO 8204 [egg-security] use nosniff middleware
2019-12-29 18:54:30,614 INFO 8204 [egg-security] use xssProtection middleware
2019-12-29 18:54:30,615 INFO 8204 [egg-security] use xframe middleware
2019-12-29 18:54:30,616 INFO 8204 [egg-security] use dta middleware
2019-12-29 18:54:30,616 INFO 8204 [egg-security] compose 6 middlewares into one security middleware
2019-12-29 18:54:30,658 INFO 8204 [egg:core] dump config after load, 8ms
2019-12-29 18:54:30,670 INFO 8204 [egg-mongoose] starting...
2019-12-29 18:54:30,742 INFO 8204 [egg-mongoose] mongodb://127.0.0.1/shoppingMall connected successfully
2019-12-29 18:54:30,763 INFO 8204 [egg-mongoose] instance[0] start successfully
2019-12-29 18:54:30,766 INFO 8204 [egg-watcher:application] watcher start success
2019-12-29 18:54:32,660 INFO 8204 [egg:core] dump config after ready, 2s
2019-12-29 19:12:59,684 INFO 8676 [egg:logger] init all loggers with options: {"dir":"D:\\前端\\project\\mall\\server\\logs\\server","encoding":"utf8","env":"local","level":"INFO","consoleLevel":"INFO","disableConsoleAfterReady":false,"outputJSON":false,"buffer":true,"appLogName":"server-web.log","coreLogName":"egg-web.log","agentLogName":"egg-agent.log","errorLogName":"common-error.log","coreLogger":{"consoleLevel":"WARN"},"allowDebugAtProd":false,"type":"application"}
2019-12-29 19:12:59,738 INFO 8676 [egg-multipart] stream mode enable
2019-12-29 19:13:00,482 INFO 8676 [egg-mongoose] connecting mongodb://127.0.0.1/shoppingMall
2019-12-29 19:13:01,109 INFO 8676 [egg-static] starting static serve /public/ -> D:\前端\project\mall\server\app\public
2019-12-29 19:13:01,114 INFO 8676 [egg-security] use methodnoallow middleware
2019-12-29 19:13:01,115 INFO 8676 [egg-security] use noopen middleware
2019-12-29 19:13:01,118 INFO 8676 [egg-security] use nosniff middleware
2019-12-29 19:13:01,120 INFO 8676 [egg-security] use xssProtection middleware
2019-12-29 19:13:01,121 INFO 8676 [egg-security] use xframe middleware
2019-12-29 19:13:01,123 INFO 8676 [egg-security] use dta middleware
2019-12-29 19:13:01,123 INFO 8676 [egg-security] compose 6 middlewares into one security middleware
2019-12-29 19:13:01,171 INFO 8676 [egg:core] dump config after load, 7ms
2019-12-29 19:13:01,182 INFO 8676 [egg-mongoose] starting...
2019-12-29 19:13:01,283 INFO 8676 [egg-mongoose] mongodb://127.0.0.1/shoppingMall connected successfully
2019-12-29 19:13:01,308 INFO 8676 [egg-mongoose] instance[0] start successfully
2019-12-29 19:13:01,311 INFO 8676 [egg-watcher:application] watcher start success
2019-12-29 19:13:01,334 INFO 8676 [egg:core] dump config after ready, 16ms
2019-12-29 19:13:03,764 INFO 5796 [egg:logger] init all loggers with options: {"dir":"D:\\前端\\project\\mall\\server\\logs\\server","encoding":"utf8","env":"local","level":"INFO","consoleLevel":"INFO","disableConsoleAfterReady":false,"outputJSON":false,"buffer":true,"appLogName":"server-web.log","coreLogName":"egg-web.log","agentLogName":"egg-agent.log","errorLogName":"common-error.log","coreLogger":{"consoleLevel":"WARN"},"allowDebugAtProd":false,"type":"application"}
2019-12-29 19:13:03,812 INFO 5796 [egg-multipart] stream mode enable
2019-12-29 19:13:04,506 INFO 5796 [egg-mongoose] connecting mongodb://127.0.0.1/shoppingMall
2019-12-29 19:13:05,093 INFO 5796 [egg-static] starting static serve /public/ -> D:\前端\project\mall\server\app\public
2019-12-29 19:13:05,100 INFO 5796 [egg-security] use methodnoallow middleware
2019-12-29 19:13:05,101 INFO 5796 [egg-security] use noopen middleware
2019-12-29 19:13:05,104 INFO 5796 [egg-security] use nosniff middleware
2019-12-29 19:13:05,106 INFO 5796 [egg-security] use xssProtection middleware
2019-12-29 19:13:05,107 INFO 5796 [egg-security] use xframe middleware
2019-12-29 19:13:05,109 INFO 5796 [egg-security] use dta middleware
2019-12-29 19:13:05,109 INFO 5796 [egg-security] compose 6 middlewares into one security middleware
2019-12-29 19:13:05,159 INFO 5796 [egg:core] dump config after load, 9ms
2019-12-29 19:13:05,165 INFO 5796 [egg-mongoose] starting...
2019-12-29 19:13:05,260 INFO 5796 [egg-mongoose] mongodb://127.0.0.1/shoppingMall connected successfully
2019-12-29 19:13:05,276 INFO 5796 [egg-mongoose] instance[0] start successfully
2019-12-29 19:13:05,278 INFO 5796 [egg-watcher:application] watcher start success
2019-12-29 19:13:05,319 INFO 5796 [egg:core] dump config after ready, 36ms
