2019-04-26 21:53:24,619 INFO 12066 [egg-schedule]: register schedule /Users/lp1/Downloads/Vue-shopping-master/egg/node_modules/_egg-logrotator@3.1.0@egg-logrotator/app/schedule/clean_log.js
2019-04-26 21:53:24,619 INFO 12066 [egg-schedule]: register schedule /Users/lp1/Downloads/Vue-shopping-master/egg/node_modules/_egg-logrotator@3.1.0@egg-logrotator/app/schedule/rotate_by_file.js
2019-04-26 21:53:25,133 INFO 12060 [Timer] /Users/lp1/Downloads/Vue-shopping-master/egg/node_modules/_egg-logrotator@3.1.0@egg-logrotator/app/schedule/clean_log.js next time will execute after 7594868ms at 2019-04-27 00:00:00.001
2019-04-26 21:53:25,134 INFO 12060 [Timer] /Users/lp1/Downloads/Vue-shopping-master/egg/node_modules/_egg-logrotator@3.1.0@egg-logrotator/app/schedule/rotate_by_file.js next time will execute after 7595867ms at 2019-04-27 00:00:01.001
2019-04-27 08:36:27,870 INFO 6732 [egg-schedule]: register schedule C:\Users\Administrator\Desktop\shop\server\node_modules\egg-logrotator\app\schedule\clean_log.js
2019-04-27 08:36:27,870 INFO 6732 [egg-schedule]: register schedule C:\Users\Administrator\Desktop\shop\server\node_modules\egg-logrotator\app\schedule\rotate_by_file.js
2019-04-27 08:36:28,544 INFO 2016 [Timer] C:\Users\Administrator\Desktop\shop\server\node_modules\egg-logrotator\app\schedule\clean_log.js next time will execute after 55411458ms at 2019-04-28 00:00:00.002
2019-04-27 08:36:28,545 INFO 2016 [Timer] C:\Users\Administrator\Desktop\shop\server\node_modules\egg-logrotator\app\schedule\rotate_by_file.js next time will execute after 55412456ms at 2019-04-28 00:00:01.001
2019-04-27 10:25:49,289 INFO 3124 [egg-schedule]: register schedule C:\Users\Administrator\Desktop\shop\server\node_modules\egg-logrotator\app\schedule\clean_log.js
2019-04-27 10:25:49,289 INFO 3124 [egg-schedule]: register schedule C:\Users\Administrator\Desktop\shop\server\node_modules\egg-logrotator\app\schedule\rotate_by_file.js
2019-04-27 10:25:50,207 INFO 4408 [Timer] C:\Users\Administrator\Desktop\shop\server\node_modules\egg-logrotator\app\schedule\clean_log.js next time will execute after 48849796ms at 2019-04-28 00:00:00.003
2019-04-27 10:25:50,208 INFO 4408 [Timer] C:\Users\Administrator\Desktop\shop\server\node_modules\egg-logrotator\app\schedule\rotate_by_file.js next time will execute after 48850793ms at 2019-04-28 00:00:01.001
2019-04-30 13:56:42,574 INFO 7004 [egg-schedule]: register schedule C:\Users\Administrator\Desktop\shop\server\node_modules\_egg-logrotator@3.1.0@egg-logrotator\app\schedule\clean_log.js
2019-04-30 13:56:42,574 INFO 7004 [egg-schedule]: register schedule C:\Users\Administrator\Desktop\shop\server\node_modules\_egg-logrotator@3.1.0@egg-logrotator\app\schedule\rotate_by_file.js
2019-04-30 13:56:43,566 INFO 7296 [Timer] C:\Users\Administrator\Desktop\shop\server\node_modules\_egg-logrotator@3.1.0@egg-logrotator\app\schedule\clean_log.js next time will execute after 36196437ms at 2019-05-01 00:00:00.003
2019-04-30 13:56:43,566 INFO 7296 [Timer] C:\Users\Administrator\Desktop\shop\server\node_modules\_egg-logrotator@3.1.0@egg-logrotator\app\schedule\rotate_by_file.js next time will execute after 36197434ms at 2019-05-01 00:00:01.000
2019-04-30 14:03:27,981 INFO 1108 [egg-schedule]: register schedule C:\Users\Administrator\Desktop\shop\server\node_modules\_egg-logrotator@3.1.0@egg-logrotator\app\schedule\clean_log.js
2019-04-30 14:03:27,981 INFO 1108 [egg-schedule]: register schedule C:\Users\Administrator\Desktop\shop\server\node_modules\_egg-logrotator@3.1.0@egg-logrotator\app\schedule\rotate_by_file.js
2019-04-30 14:03:28,965 INFO 7224 [Timer] C:\Users\Administrator\Desktop\shop\server\node_modules\_egg-logrotator@3.1.0@egg-logrotator\app\schedule\clean_log.js next time will execute after 35791037ms at 2019-05-01 00:00:00.002
2019-04-30 14:03:28,965 INFO 7224 [Timer] C:\Users\Administrator\Desktop\shop\server\node_modules\_egg-logrotator@3.1.0@egg-logrotator\app\schedule\rotate_by_file.js next time will execute after 35792035ms at 2019-05-01 00:00:01.000
2019-04-30 15:00:05,800 INFO 6380 [egg-schedule]: register schedule C:\Users\Administrator\Desktop\shop\server\node_modules\_egg-logrotator@3.1.0@egg-logrotator\app\schedule\clean_log.js
2019-04-30 15:00:05,800 INFO 6380 [egg-schedule]: register schedule C:\Users\Administrator\Desktop\shop\server\node_modules\_egg-logrotator@3.1.0@egg-logrotator\app\schedule\rotate_by_file.js
2019-04-30 15:01:10,434 INFO 6940 [egg-schedule]: register schedule C:\Users\Administrator\Desktop\shop\server\node_modules\_egg-logrotator@3.1.0@egg-logrotator\app\schedule\clean_log.js
2019-04-30 15:01:10,434 INFO 6940 [egg-schedule]: register schedule C:\Users\Administrator\Desktop\shop\server\node_modules\_egg-logrotator@3.1.0@egg-logrotator\app\schedule\rotate_by_file.js
2019-04-30 15:10:23,300 INFO 1588 [egg-schedule]: register schedule C:\Users\Administrator\Desktop\shop\server\node_modules\_egg-logrotator@3.1.0@egg-logrotator\app\schedule\clean_log.js
2019-04-30 15:10:23,300 INFO 1588 [egg-schedule]: register schedule C:\Users\Administrator\Desktop\shop\server\node_modules\_egg-logrotator@3.1.0@egg-logrotator\app\schedule\rotate_by_file.js
2019-04-30 16:00:35,805 INFO 8096 [Timer] C:\Users\Administrator\Desktop\shop\server\node_modules\_egg-logrotator@3.1.0@egg-logrotator\app\schedule\clean_log.js next time will execute after 28764197ms at 2019-05-01 00:00:00.002
2019-04-30 16:00:35,806 INFO 8096 [Timer] C:\Users\Administrator\Desktop\shop\server\node_modules\_egg-logrotator@3.1.0@egg-logrotator\app\schedule\rotate_by_file.js next time will execute after 28765194ms at 2019-05-01 00:00:01.000
2019-04-30 16:00:34,907 INFO 2516 [egg-schedule]: register schedule C:\Users\Administrator\Desktop\shop\server\node_modules\_egg-logrotator@3.1.0@egg-logrotator\app\schedule\clean_log.js
2019-04-30 16:00:34,907 INFO 2516 [egg-schedule]: register schedule C:\Users\Administrator\Desktop\shop\server\node_modules\_egg-logrotator@3.1.0@egg-logrotator\app\schedule\rotate_by_file.js
2019-04-30 16:27:59,003 INFO 1652 [egg-schedule]: register schedule C:\Users\Administrator\Desktop\shop\server\node_modules\_egg-logrotator@3.1.0@egg-logrotator\app\schedule\clean_log.js
2019-04-30 16:27:59,003 INFO 1652 [egg-schedule]: register schedule C:\Users\Administrator\Desktop\shop\server\node_modules\_egg-logrotator@3.1.0@egg-logrotator\app\schedule\rotate_by_file.js
2019-04-30 16:27:59,901 INFO 3480 [Timer] C:\Users\Administrator\Desktop\shop\server\node_modules\_egg-logrotator@3.1.0@egg-logrotator\app\schedule\clean_log.js next time will execute after 27120102ms at 2019-05-01 00:00:00.003
2019-04-30 16:27:59,902 INFO 3480 [Timer] C:\Users\Administrator\Desktop\shop\server\node_modules\_egg-logrotator@3.1.0@egg-logrotator\app\schedule\rotate_by_file.js next time will execute after 27121098ms at 2019-05-01 00:00:01.000
2019-05-08 11:13:01,316 INFO 7920 [egg-schedule]: register schedule C:\Users\Administrator\Desktop\shop\server\node_modules\_egg-logrotator@3.1.0@egg-logrotator\app\schedule\clean_log.js
2019-05-08 11:13:01,316 INFO 7920 [egg-schedule]: register schedule C:\Users\Administrator\Desktop\shop\server\node_modules\_egg-logrotator@3.1.0@egg-logrotator\app\schedule\rotate_by_file.js
2019-05-08 11:13:02,273 INFO 7520 [Timer] C:\Users\Administrator\Desktop\shop\server\node_modules\_egg-logrotator@3.1.0@egg-logrotator\app\schedule\clean_log.js next time will execute after 46017730ms at 2019-05-09 00:00:00.003
2019-05-08 11:13:02,273 INFO 7520 [Timer] C:\Users\Administrator\Desktop\shop\server\node_modules\_egg-logrotator@3.1.0@egg-logrotator\app\schedule\rotate_by_file.js next time will execute after 46018727ms at 2019-05-09 00:00:01.000
2019-05-08 16:19:35,394 INFO 6608 [egg-schedule]: register schedule C:\Users\Administrator\Desktop\shop\server\node_modules\_egg-logrotator@3.1.0@egg-logrotator\app\schedule\clean_log.js
2019-05-08 16:19:35,394 INFO 6608 [egg-schedule]: register schedule C:\Users\Administrator\Desktop\shop\server\node_modules\_egg-logrotator@3.1.0@egg-logrotator\app\schedule\rotate_by_file.js
2019-05-08 16:19:36,932 INFO 3768 [Timer] C:\Users\Administrator\Desktop\shop\server\node_modules\_egg-logrotator@3.1.0@egg-logrotator\app\schedule\clean_log.js next time will execute after 27623072ms at 2019-05-09 00:00:00.004
2019-05-08 16:19:36,934 INFO 3768 [Timer] C:\Users\Administrator\Desktop\shop\server\node_modules\_egg-logrotator@3.1.0@egg-logrotator\app\schedule\rotate_by_file.js next time will execute after 27624067ms at 2019-05-09 00:00:01.001
2019-05-10 08:53:01,790 INFO 3636 [egg-schedule]: register schedule C:\Users\Administrator\Desktop\shop\server\node_modules\_egg-logrotator@3.1.0@egg-logrotator\app\schedule\clean_log.js
2019-05-10 08:53:01,790 INFO 3636 [egg-schedule]: register schedule C:\Users\Administrator\Desktop\shop\server\node_modules\_egg-logrotator@3.1.0@egg-logrotator\app\schedule\rotate_by_file.js
2019-05-10 08:53:02,667 INFO 7236 [Timer] C:\Users\Administrator\Desktop\shop\server\node_modules\_egg-logrotator@3.1.0@egg-logrotator\app\schedule\clean_log.js next time will execute after 54417335ms at 2019-05-11 00:00:00.002
2019-05-10 08:53:02,670 INFO 7236 [Timer] C:\Users\Administrator\Desktop\shop\server\node_modules\_egg-logrotator@3.1.0@egg-logrotator\app\schedule\rotate_by_file.js next time will execute after 54418333ms at 2019-05-11 00:00:01.002
2019-05-10 08:53:17,483 INFO 7048 [egg-schedule]: register schedule C:\Users\Administrator\Desktop\shop\server\node_modules\_egg-logrotator@3.1.0@egg-logrotator\app\schedule\clean_log.js
2019-05-10 08:53:17,483 INFO 7048 [egg-schedule]: register schedule C:\Users\Administrator\Desktop\shop\server\node_modules\_egg-logrotator@3.1.0@egg-logrotator\app\schedule\rotate_by_file.js
2019-05-10 08:53:18,095 INFO 7848 [Timer] C:\Users\Administrator\Desktop\shop\server\node_modules\_egg-logrotator@3.1.0@egg-logrotator\app\schedule\clean_log.js next time will execute after 54401907ms at 2019-05-11 00:00:00.002
2019-05-10 08:53:18,096 INFO 7848 [Timer] C:\Users\Administrator\Desktop\shop\server\node_modules\_egg-logrotator@3.1.0@egg-logrotator\app\schedule\rotate_by_file.js next time will execute after 54402904ms at 2019-05-11 00:00:01.000
2019-07-01 09:48:44,453 INFO 6592 [Timer] C:\Users\Administrator\Desktop\vue商城项目\server\node_modules\egg-multipart\app\schedule\clean_tmpdir.js next time will execute after 67275550ms at 2019-07-02 04:30:00.003
2019-07-01 09:48:44,453 INFO 6592 [Timer] C:\Users\Administrator\Desktop\vue商城项目\server\node_modules\egg-logrotator\app\schedule\clean_log.js next time will execute after 51075547ms at 2019-07-02 00:00:00.000
2019-07-01 09:48:44,453 INFO 6592 [Timer] C:\Users\Administrator\Desktop\vue商城项目\server\node_modules\egg-logrotator\app\schedule\rotate_by_file.js next time will execute after 51076547ms at 2019-07-02 00:00:01.000
2019-07-01 09:48:43,807 INFO 404 [egg-schedule]: register schedule C:\Users\Administrator\Desktop\vue商城项目\server\node_modules\egg-multipart\app\schedule\clean_tmpdir.js
2019-07-01 09:48:43,807 INFO 404 [egg-schedule]: register schedule C:\Users\Administrator\Desktop\vue商城项目\server\node_modules\egg-logrotator\app\schedule\clean_log.js
2019-07-01 09:48:43,807 INFO 404 [egg-schedule]: register schedule C:\Users\Administrator\Desktop\vue商城项目\server\node_modules\egg-logrotator\app\schedule\rotate_by_file.js
2019-07-03 14:42:37,687 INFO 9404 [egg-schedule]: register schedule C:\Users\Administrator\Desktop\vue商城项目\server\node_modules\egg-multipart\app\schedule\clean_tmpdir.js
2019-07-03 14:42:37,687 INFO 9404 [egg-schedule]: register schedule C:\Users\Administrator\Desktop\vue商城项目\server\node_modules\egg-logrotator\app\schedule\clean_log.js
2019-07-03 14:42:37,687 INFO 9404 [egg-schedule]: register schedule C:\Users\Administrator\Desktop\vue商城项目\server\node_modules\egg-logrotator\app\schedule\rotate_by_file.js
2019-07-03 14:42:38,972 INFO 7312 [Timer] C:\Users\Administrator\Desktop\vue商城项目\server\node_modules\egg-multipart\app\schedule\clean_tmpdir.js next time will execute after 49641031ms at 2019-07-04 04:30:00.003
2019-07-03 14:42:38,973 INFO 7312 [Timer] C:\Users\Administrator\Desktop\vue商城项目\server\node_modules\egg-logrotator\app\schedule\clean_log.js next time will execute after 33441027ms at 2019-07-04 00:00:00.000
2019-07-03 14:42:38,973 INFO 7312 [Timer] C:\Users\Administrator\Desktop\vue商城项目\server\node_modules\egg-logrotator\app\schedule\rotate_by_file.js next time will execute after 33442027ms at 2019-07-04 00:00:01.000
2019-07-03 15:24:23,579 INFO 10252 [egg-schedule]: register schedule C:\Users\Administrator\Desktop\vue商城项目\server\node_modules\egg-multipart\app\schedule\clean_tmpdir.js
2019-07-03 15:24:23,579 INFO 10252 [egg-schedule]: register schedule C:\Users\Administrator\Desktop\vue商城项目\server\node_modules\egg-logrotator\app\schedule\clean_log.js
2019-07-03 15:24:23,579 INFO 10252 [egg-schedule]: register schedule C:\Users\Administrator\Desktop\vue商城项目\server\node_modules\egg-logrotator\app\schedule\rotate_by_file.js
2019-07-03 15:24:24,757 INFO 6160 [Timer] C:\Users\Administrator\Desktop\vue商城项目\server\node_modules\egg-multipart\app\schedule\clean_tmpdir.js next time will execute after 47135246ms at 2019-07-04 04:30:00.003
2019-07-03 15:24:24,758 INFO 6160 [Timer] C:\Users\Administrator\Desktop\vue商城项目\server\node_modules\egg-logrotator\app\schedule\clean_log.js next time will execute after 30935243ms at 2019-07-04 00:00:00.001
2019-07-03 15:24:24,758 INFO 6160 [Timer] C:\Users\Administrator\Desktop\vue商城项目\server\node_modules\egg-logrotator\app\schedule\rotate_by_file.js next time will execute after 30936242ms at 2019-07-04 00:00:01.000
2019-12-28 14:24:12,805 INFO 16528 [egg-schedule]: register schedule D:\前端\project\mall\server\node_modules\egg-multipart\app\schedule\clean_tmpdir.js
2019-12-28 14:24:12,805 INFO 16528 [egg-schedule]: register schedule D:\前端\project\mall\server\node_modules\egg-logrotator\app\schedule\clean_log.js
2019-12-28 14:24:12,805 INFO 16528 [egg-schedule]: register schedule D:\前端\project\mall\server\node_modules\egg-logrotator\app\schedule\rotate_by_file.js
2019-12-28 14:24:17,414 INFO 13884 [Timer] D:\前端\project\mall\server\node_modules\egg-multipart\app\schedule\clean_tmpdir.js next time will execute after 50742589ms at 2019-12-29 04:30:00.003
2019-12-28 14:24:17,414 INFO 13884 [Timer] D:\前端\project\mall\server\node_modules\egg-logrotator\app\schedule\clean_log.js next time will execute after 34542586ms at 2019-12-29 00:00:00.000
2019-12-28 14:24:17,415 INFO 13884 [Timer] D:\前端\project\mall\server\node_modules\egg-logrotator\app\schedule\rotate_by_file.js next time will execute after 34543586ms at 2019-12-29 00:00:01.001
2019-12-28 14:27:36,257 INFO 1216 [egg-schedule]: register schedule D:\前端\project\mall\server\node_modules\egg-multipart\app\schedule\clean_tmpdir.js
2019-12-28 14:27:36,257 INFO 1216 [egg-schedule]: register schedule D:\前端\project\mall\server\node_modules\egg-logrotator\app\schedule\clean_log.js
2019-12-28 14:27:36,257 INFO 1216 [egg-schedule]: register schedule D:\前端\project\mall\server\node_modules\egg-logrotator\app\schedule\rotate_by_file.js
2019-12-28 14:27:38,545 INFO 472 [Timer] D:\前端\project\mall\server\node_modules\egg-multipart\app\schedule\clean_tmpdir.js next time will execute after 50541457ms at 2019-12-29 04:30:00.002
2019-12-28 14:27:38,546 INFO 472 [Timer] D:\前端\project\mall\server\node_modules\egg-logrotator\app\schedule\clean_log.js next time will execute after 34341454ms at 2019-12-29 00:00:00.000
2019-12-28 14:27:38,546 INFO 472 [Timer] D:\前端\project\mall\server\node_modules\egg-logrotator\app\schedule\rotate_by_file.js next time will execute after 34342454ms at 2019-12-29 00:00:01.000
2019-12-28 17:41:27,688 INFO 17568 [egg-schedule]: register schedule D:\前端\project\mall\server\node_modules\egg-multipart\app\schedule\clean_tmpdir.js
2019-12-28 17:41:27,688 INFO 17568 [egg-schedule]: register schedule D:\前端\project\mall\server\node_modules\egg-logrotator\app\schedule\clean_log.js
2019-12-28 17:41:27,688 INFO 17568 [egg-schedule]: register schedule D:\前端\project\mall\server\node_modules\egg-logrotator\app\schedule\rotate_by_file.js
2019-12-28 17:41:29,901 INFO 16684 [egg-schedule]: register schedule D:\前端\project\mall\server\node_modules\egg-multipart\app\schedule\clean_tmpdir.js
2019-12-28 17:41:29,901 INFO 16684 [egg-schedule]: register schedule D:\前端\project\mall\server\node_modules\egg-logrotator\app\schedule\clean_log.js
2019-12-28 17:41:29,901 INFO 16684 [egg-schedule]: register schedule D:\前端\project\mall\server\node_modules\egg-logrotator\app\schedule\rotate_by_file.js
2019-12-28 17:41:31,285 INFO 17928 [Timer] D:\前端\project\mall\server\node_modules\egg-multipart\app\schedule\clean_tmpdir.js next time will execute after 38908723ms at 2019-12-29 04:30:00.008
2019-12-28 17:41:31,286 INFO 17928 [Timer] D:\前端\project\mall\server\node_modules\egg-logrotator\app\schedule\clean_log.js next time will execute after 22708714ms at 2019-12-29 00:00:00.000
2019-12-28 17:41:31,286 INFO 17928 [Timer] D:\前端\project\mall\server\node_modules\egg-logrotator\app\schedule\rotate_by_file.js next time will execute after 22709714ms at 2019-12-29 00:00:01.000
2019-12-28 17:41:33,932 INFO 16132 [egg-schedule]: register schedule D:\前端\project\mall\server\node_modules\egg-multipart\app\schedule\clean_tmpdir.js
2019-12-28 17:41:33,932 INFO 16132 [egg-schedule]: register schedule D:\前端\project\mall\server\node_modules\egg-logrotator\app\schedule\clean_log.js
2019-12-28 17:41:33,933 INFO 16132 [egg-schedule]: register schedule D:\前端\project\mall\server\node_modules\egg-logrotator\app\schedule\rotate_by_file.js
2019-12-28 18:10:15,756 INFO 8128 [egg-schedule]: register schedule D:\前端\project\mall\server\node_modules\egg-multipart\app\schedule\clean_tmpdir.js
2019-12-28 18:10:15,756 INFO 8128 [egg-schedule]: register schedule D:\前端\project\mall\server\node_modules\egg-logrotator\app\schedule\clean_log.js
2019-12-28 18:10:15,756 INFO 8128 [egg-schedule]: register schedule D:\前端\project\mall\server\node_modules\egg-logrotator\app\schedule\rotate_by_file.js
2019-12-29 15:58:52,837 INFO 1080 [egg-schedule]: register schedule D:\前端\project\mall\server\node_modules\egg-multipart\app\schedule\clean_tmpdir.js
2019-12-29 15:58:52,837 INFO 1080 [egg-schedule]: register schedule D:\前端\project\mall\server\node_modules\egg-logrotator\app\schedule\clean_log.js
2019-12-29 15:58:52,837 INFO 1080 [egg-schedule]: register schedule D:\前端\project\mall\server\node_modules\egg-logrotator\app\schedule\rotate_by_file.js
2019-12-29 15:58:54,880 INFO 14544 [egg-schedule]: register schedule D:\前端\project\mall\server\node_modules\egg-multipart\app\schedule\clean_tmpdir.js
2019-12-29 15:58:54,880 INFO 14544 [egg-schedule]: register schedule D:\前端\project\mall\server\node_modules\egg-logrotator\app\schedule\clean_log.js
2019-12-29 15:58:54,880 INFO 14544 [egg-schedule]: register schedule D:\前端\project\mall\server\node_modules\egg-logrotator\app\schedule\rotate_by_file.js
2019-12-29 15:58:56,235 INFO 15136 [Timer] D:\前端\project\mall\server\node_modules\egg-multipart\app\schedule\clean_tmpdir.js next time will execute after 45063768ms at 2019-12-30 04:30:00.003
2019-12-29 15:58:56,235 INFO 15136 [Timer] D:\前端\project\mall\server\node_modules\egg-logrotator\app\schedule\clean_log.js next time will execute after 28863765ms at 2019-12-30 00:00:00.000
2019-12-29 15:58:56,236 INFO 15136 [Timer] D:\前端\project\mall\server\node_modules\egg-logrotator\app\schedule\rotate_by_file.js next time will execute after 28864765ms at 2019-12-30 00:00:01.001
2019-12-29 15:58:58,513 INFO 11228 [egg-schedule]: register schedule D:\前端\project\mall\server\node_modules\egg-multipart\app\schedule\clean_tmpdir.js
2019-12-29 15:58:58,513 INFO 11228 [egg-schedule]: register schedule D:\前端\project\mall\server\node_modules\egg-logrotator\app\schedule\clean_log.js
2019-12-29 15:58:58,513 INFO 11228 [egg-schedule]: register schedule D:\前端\project\mall\server\node_modules\egg-logrotator\app\schedule\rotate_by_file.js
2019-12-29 15:59:02,143 INFO 7568 [egg-schedule]: register schedule D:\前端\project\mall\server\node_modules\egg-multipart\app\schedule\clean_tmpdir.js
2019-12-29 15:59:02,144 INFO 7568 [egg-schedule]: register schedule D:\前端\project\mall\server\node_modules\egg-logrotator\app\schedule\clean_log.js
2019-12-29 15:59:02,144 INFO 7568 [egg-schedule]: register schedule D:\前端\project\mall\server\node_modules\egg-logrotator\app\schedule\rotate_by_file.js
2019-12-29 17:58:50,361 INFO 9788 [egg-schedule]: register schedule D:\前端\project\mall\server\node_modules\egg-multipart\app\schedule\clean_tmpdir.js
2019-12-29 17:58:50,361 INFO 9788 [egg-schedule]: register schedule D:\前端\project\mall\server\node_modules\egg-logrotator\app\schedule\clean_log.js
2019-12-29 17:58:50,361 INFO 9788 [egg-schedule]: register schedule D:\前端\project\mall\server\node_modules\egg-logrotator\app\schedule\rotate_by_file.js
2019-12-29 17:58:56,179 INFO 8376 [egg-schedule]: register schedule D:\前端\project\mall\server\node_modules\egg-multipart\app\schedule\clean_tmpdir.js
2019-12-29 17:58:56,180 INFO 8376 [egg-schedule]: register schedule D:\前端\project\mall\server\node_modules\egg-logrotator\app\schedule\clean_log.js
2019-12-29 17:58:56,180 INFO 8376 [egg-schedule]: register schedule D:\前端\project\mall\server\node_modules\egg-logrotator\app\schedule\rotate_by_file.js
2019-12-29 18:54:29,262 INFO 8204 [egg-schedule]: register schedule D:\前端\project\mall\server\node_modules\egg-multipart\app\schedule\clean_tmpdir.js
2019-12-29 18:54:29,262 INFO 8204 [egg-schedule]: register schedule D:\前端\project\mall\server\node_modules\egg-logrotator\app\schedule\clean_log.js
2019-12-29 18:54:29,262 INFO 8204 [egg-schedule]: register schedule D:\前端\project\mall\server\node_modules\egg-logrotator\app\schedule\rotate_by_file.js
2019-12-29 19:12:59,737 INFO 8676 [egg-schedule]: register schedule D:\前端\project\mall\server\node_modules\egg-multipart\app\schedule\clean_tmpdir.js
2019-12-29 19:12:59,737 INFO 8676 [egg-schedule]: register schedule D:\前端\project\mall\server\node_modules\egg-logrotator\app\schedule\clean_log.js
2019-12-29 19:12:59,737 INFO 8676 [egg-schedule]: register schedule D:\前端\project\mall\server\node_modules\egg-logrotator\app\schedule\rotate_by_file.js
2019-12-29 19:13:03,811 INFO 5796 [egg-schedule]: register schedule D:\前端\project\mall\server\node_modules\egg-multipart\app\schedule\clean_tmpdir.js
2019-12-29 19:13:03,811 INFO 5796 [egg-schedule]: register schedule D:\前端\project\mall\server\node_modules\egg-logrotator\app\schedule\clean_log.js
2019-12-29 19:13:03,811 INFO 5796 [egg-schedule]: register schedule D:\前端\project\mall\server\node_modules\egg-logrotator\app\schedule\rotate_by_file.js
2019-12-29 21:03:54,917 INFO 18096 [egg-schedule]: register schedule D:\前端\project\mall\server\node_modules\egg-multipart\app\schedule\clean_tmpdir.js
2019-12-29 21:03:54,917 INFO 18096 [egg-schedule]: register schedule D:\前端\project\mall\server\node_modules\egg-logrotator\app\schedule\clean_log.js
2019-12-29 21:03:54,917 INFO 18096 [egg-schedule]: register schedule D:\前端\project\mall\server\node_modules\egg-logrotator\app\schedule\rotate_by_file.js
2019-12-29 21:04:02,224 INFO 18188 [egg-schedule]: register schedule D:\前端\project\mall\server\node_modules\egg-multipart\app\schedule\clean_tmpdir.js
2019-12-29 21:04:02,224 INFO 18188 [egg-schedule]: register schedule D:\前端\project\mall\server\node_modules\egg-logrotator\app\schedule\clean_log.js
2019-12-29 21:04:02,224 INFO 18188 [egg-schedule]: register schedule D:\前端\project\mall\server\node_modules\egg-logrotator\app\schedule\rotate_by_file.js
2019-12-30 08:14:16,715 INFO 13124 [egg-schedule]: register schedule D:\前端\project\mall\server\node_modules\egg-multipart\app\schedule\clean_tmpdir.js
2019-12-30 08:14:16,715 INFO 13124 [egg-schedule]: register schedule D:\前端\project\mall\server\node_modules\egg-logrotator\app\schedule\clean_log.js
2019-12-30 08:14:16,715 INFO 13124 [egg-schedule]: register schedule D:\前端\project\mall\server\node_modules\egg-logrotator\app\schedule\rotate_by_file.js
2019-12-30 08:14:19,800 INFO 4796 [Timer] D:\前端\project\mall\server\node_modules\egg-multipart\app\schedule\clean_tmpdir.js next time will execute after 72940203ms at 2019-12-31 04:30:00.003
2019-12-30 08:14:19,800 INFO 4796 [Timer] D:\前端\project\mall\server\node_modules\egg-logrotator\app\schedule\clean_log.js next time will execute after 56740200ms at 2019-12-31 00:00:00.000
2019-12-30 08:14:19,801 INFO 4796 [Timer] D:\前端\project\mall\server\node_modules\egg-logrotator\app\schedule\rotate_by_file.js next time will execute after 56741199ms at 2019-12-31 00:00:01.000
2019-12-30 08:14:18,686 INFO 16916 [egg-schedule]: register schedule D:\前端\project\mall\server\node_modules\egg-multipart\app\schedule\clean_tmpdir.js
2019-12-30 08:14:18,686 INFO 16916 [egg-schedule]: register schedule D:\前端\project\mall\server\node_modules\egg-logrotator\app\schedule\clean_log.js
2019-12-30 08:14:18,686 INFO 16916 [egg-schedule]: register schedule D:\前端\project\mall\server\node_modules\egg-logrotator\app\schedule\rotate_by_file.js
2019-12-30 08:14:22,106 INFO 12908 [egg-schedule]: register schedule D:\前端\project\mall\server\node_modules\egg-multipart\app\schedule\clean_tmpdir.js
2019-12-30 08:14:22,106 INFO 12908 [egg-schedule]: register schedule D:\前端\project\mall\server\node_modules\egg-logrotator\app\schedule\clean_log.js
2019-12-30 08:14:22,106 INFO 12908 [egg-schedule]: register schedule D:\前端\project\mall\server\node_modules\egg-logrotator\app\schedule\rotate_by_file.js
2019-12-30 10:45:24,162 INFO 12164 [egg-schedule]: register schedule D:\前端\project\mall\server\node_modules\egg-multipart\app\schedule\clean_tmpdir.js
2019-12-30 10:45:24,162 INFO 12164 [egg-schedule]: register schedule D:\前端\project\mall\server\node_modules\egg-logrotator\app\schedule\clean_log.js
2019-12-30 10:45:24,162 INFO 12164 [egg-schedule]: register schedule D:\前端\project\mall\server\node_modules\egg-logrotator\app\schedule\rotate_by_file.js
2019-12-30 10:45:30,068 INFO 13280 [egg-schedule]: register schedule D:\前端\project\mall\server\node_modules\egg-multipart\app\schedule\clean_tmpdir.js
2019-12-30 10:45:30,068 INFO 13280 [egg-schedule]: register schedule D:\前端\project\mall\server\node_modules\egg-logrotator\app\schedule\clean_log.js
2019-12-30 10:45:30,068 INFO 13280 [egg-schedule]: register schedule D:\前端\project\mall\server\node_modules\egg-logrotator\app\schedule\rotate_by_file.js
2019-12-31 08:18:15,600 INFO 28088 [egg-schedule]: register schedule D:\前端\project\mall\server\node_modules\egg-multipart\app\schedule\clean_tmpdir.js
2019-12-31 08:18:15,600 INFO 28088 [egg-schedule]: register schedule D:\前端\project\mall\server\node_modules\egg-logrotator\app\schedule\clean_log.js
2019-12-31 08:18:15,600 INFO 28088 [egg-schedule]: register schedule D:\前端\project\mall\server\node_modules\egg-logrotator\app\schedule\rotate_by_file.js
2019-12-31 08:18:17,432 INFO 12528 [egg-schedule]: register schedule D:\前端\project\mall\server\node_modules\egg-multipart\app\schedule\clean_tmpdir.js
2019-12-31 08:18:17,432 INFO 12528 [egg-schedule]: register schedule D:\前端\project\mall\server\node_modules\egg-logrotator\app\schedule\clean_log.js
2019-12-31 08:18:17,432 INFO 12528 [egg-schedule]: register schedule D:\前端\project\mall\server\node_modules\egg-logrotator\app\schedule\rotate_by_file.js
2019-12-31 08:18:22,876 INFO 32016 [Timer] D:\前端\project\mall\server\node_modules\egg-multipart\app\schedule\clean_tmpdir.js next time will execute after 72697127ms at 2020-01-01 04:30:00.003
2019-12-31 08:18:22,877 INFO 32016 [Timer] D:\前端\project\mall\server\node_modules\egg-logrotator\app\schedule\clean_log.js next time will execute after 56497123ms at 2020-01-01 00:00:00.000
2019-12-31 08:18:22,877 INFO 32016 [Timer] D:\前端\project\mall\server\node_modules\egg-logrotator\app\schedule\rotate_by_file.js next time will execute after 56498123ms at 2020-01-01 00:00:01.000
2019-12-31 08:18:24,965 INFO 14628 [egg-schedule]: register schedule D:\前端\project\mall\server\node_modules\egg-multipart\app\schedule\clean_tmpdir.js
2019-12-31 08:18:24,965 INFO 14628 [egg-schedule]: register schedule D:\前端\project\mall\server\node_modules\egg-logrotator\app\schedule\clean_log.js
2019-12-31 08:18:24,965 INFO 14628 [egg-schedule]: register schedule D:\前端\project\mall\server\node_modules\egg-logrotator\app\schedule\rotate_by_file.js
2019-12-31 11:49:55,768 INFO 16372 [egg-schedule]: register schedule D:\前端\project\mall\server\node_modules\egg-multipart\app\schedule\clean_tmpdir.js
2019-12-31 11:49:55,768 INFO 16372 [egg-schedule]: register schedule D:\前端\project\mall\server\node_modules\egg-logrotator\app\schedule\clean_log.js
2019-12-31 11:49:55,768 INFO 16372 [egg-schedule]: register schedule D:\前端\project\mall\server\node_modules\egg-logrotator\app\schedule\rotate_by_file.js
2019-12-31 11:50:05,614 INFO 4860 [egg-schedule]: register schedule D:\前端\project\mall\server\node_modules\egg-multipart\app\schedule\clean_tmpdir.js
2019-12-31 11:50:05,614 INFO 4860 [egg-schedule]: register schedule D:\前端\project\mall\server\node_modules\egg-logrotator\app\schedule\clean_log.js
2019-12-31 11:50:05,614 INFO 4860 [egg-schedule]: register schedule D:\前端\project\mall\server\node_modules\egg-logrotator\app\schedule\rotate_by_file.js
2019-12-31 16:12:35,736 INFO 7812 [egg-schedule]: register schedule D:\前端\project\mall\server\node_modules\egg-multipart\app\schedule\clean_tmpdir.js
2019-12-31 16:12:35,737 INFO 7812 [egg-schedule]: register schedule D:\前端\project\mall\server\node_modules\egg-logrotator\app\schedule\clean_log.js
2019-12-31 16:12:35,737 INFO 7812 [egg-schedule]: register schedule D:\前端\project\mall\server\node_modules\egg-logrotator\app\schedule\rotate_by_file.js
2019-12-31 16:12:48,334 INFO 34460 [egg-schedule]: register schedule D:\前端\project\mall\server\node_modules\egg-multipart\app\schedule\clean_tmpdir.js
2019-12-31 16:12:48,334 INFO 34460 [egg-schedule]: register schedule D:\前端\project\mall\server\node_modules\egg-logrotator\app\schedule\clean_log.js
2019-12-31 16:12:48,334 INFO 34460 [egg-schedule]: register schedule D:\前端\project\mall\server\node_modules\egg-logrotator\app\schedule\rotate_by_file.js
2020-01-01 12:16:45,392 INFO 12312 [egg-schedule]: register schedule D:\前端\project\mall\server\node_modules\egg-multipart\app\schedule\clean_tmpdir.js
2020-01-01 12:16:45,392 INFO 12312 [egg-schedule]: register schedule D:\前端\project\mall\server\node_modules\egg-logrotator\app\schedule\clean_log.js
2020-01-01 12:16:45,392 INFO 12312 [egg-schedule]: register schedule D:\前端\project\mall\server\node_modules\egg-logrotator\app\schedule\rotate_by_file.js
2020-01-01 12:16:47,458 INFO 11816 [egg-schedule]: register schedule D:\前端\project\mall\server\node_modules\egg-multipart\app\schedule\clean_tmpdir.js
2020-01-01 12:16:47,458 INFO 11816 [egg-schedule]: register schedule D:\前端\project\mall\server\node_modules\egg-logrotator\app\schedule\clean_log.js
2020-01-01 12:16:47,458 INFO 11816 [egg-schedule]: register schedule D:\前端\project\mall\server\node_modules\egg-logrotator\app\schedule\rotate_by_file.js
2020-01-01 12:16:49,031 INFO 9140 [Timer] D:\前端\project\mall\server\node_modules\egg-multipart\app\schedule\clean_tmpdir.js next time will execute after 58390971ms at 2020-01-02 04:30:00.002
2020-01-01 12:16:49,032 INFO 9140 [Timer] D:\前端\project\mall\server\node_modules\egg-logrotator\app\schedule\clean_log.js next time will execute after 42190969ms at 2020-01-02 00:00:00.001
2020-01-01 12:16:49,032 INFO 9140 [Timer] D:\前端\project\mall\server\node_modules\egg-logrotator\app\schedule\rotate_by_file.js next time will execute after 42191968ms at 2020-01-02 00:00:01.000
2020-01-01 12:16:51,264 INFO 7620 [egg-schedule]: register schedule D:\前端\project\mall\server\node_modules\egg-multipart\app\schedule\clean_tmpdir.js
2020-01-01 12:16:51,264 INFO 7620 [egg-schedule]: register schedule D:\前端\project\mall\server\node_modules\egg-logrotator\app\schedule\clean_log.js
2020-01-01 12:16:51,264 INFO 7620 [egg-schedule]: register schedule D:\前端\project\mall\server\node_modules\egg-logrotator\app\schedule\rotate_by_file.js
2020-01-01 12:16:54,727 INFO 7528 [egg-schedule]: register schedule D:\前端\project\mall\server\node_modules\egg-multipart\app\schedule\clean_tmpdir.js
2020-01-01 12:16:54,727 INFO 7528 [egg-schedule]: register schedule D:\前端\project\mall\server\node_modules\egg-logrotator\app\schedule\clean_log.js
2020-01-01 12:16:54,727 INFO 7528 [egg-schedule]: register schedule D:\前端\project\mall\server\node_modules\egg-logrotator\app\schedule\rotate_by_file.js
2020-01-02 08:21:30,124 INFO 18756 [egg-schedule]: register schedule D:\前端\project\mall\server\node_modules\egg-multipart\app\schedule\clean_tmpdir.js
2020-01-02 08:21:30,124 INFO 18756 [egg-schedule]: register schedule D:\前端\project\mall\server\node_modules\egg-logrotator\app\schedule\clean_log.js
2020-01-02 08:21:30,124 INFO 18756 [egg-schedule]: register schedule D:\前端\project\mall\server\node_modules\egg-logrotator\app\schedule\rotate_by_file.js
2020-01-02 08:21:32,188 INFO 15472 [egg-schedule]: register schedule D:\前端\project\mall\server\node_modules\egg-multipart\app\schedule\clean_tmpdir.js
2020-01-02 08:21:32,188 INFO 15472 [egg-schedule]: register schedule D:\前端\project\mall\server\node_modules\egg-logrotator\app\schedule\clean_log.js
2020-01-02 08:21:32,188 INFO 15472 [egg-schedule]: register schedule D:\前端\project\mall\server\node_modules\egg-logrotator\app\schedule\rotate_by_file.js
2020-01-02 08:21:38,012 INFO 1532 [Timer] D:\前端\project\mall\server\node_modules\egg-multipart\app\schedule\clean_tmpdir.js next time will execute after 72501992ms at 2020-01-03 04:30:00.004
2020-01-02 08:21:38,012 INFO 1532 [Timer] D:\前端\project\mall\server\node_modules\egg-logrotator\app\schedule\clean_log.js next time will execute after 56301988ms at 2020-01-03 00:00:00.000
2020-01-02 08:21:38,013 INFO 1532 [Timer] D:\前端\project\mall\server\node_modules\egg-logrotator\app\schedule\rotate_by_file.js next time will execute after 56302987ms at 2020-01-03 00:00:01.000
2020-01-02 08:21:40,467 INFO 18376 [egg-schedule]: register schedule D:\前端\project\mall\server\node_modules\egg-multipart\app\schedule\clean_tmpdir.js
2020-01-02 08:21:40,467 INFO 18376 [egg-schedule]: register schedule D:\前端\project\mall\server\node_modules\egg-logrotator\app\schedule\clean_log.js
2020-01-02 08:21:40,467 INFO 18376 [egg-schedule]: register schedule D:\前端\project\mall\server\node_modules\egg-logrotator\app\schedule\rotate_by_file.js
2020-01-03 08:16:02,252 INFO 9712 [egg-schedule]: register schedule D:\前端\project\mall\server\node_modules\egg-multipart\app\schedule\clean_tmpdir.js
2020-01-03 08:16:02,252 INFO 9712 [egg-schedule]: register schedule D:\前端\project\mall\server\node_modules\egg-logrotator\app\schedule\clean_log.js
2020-01-03 08:16:02,252 INFO 9712 [egg-schedule]: register schedule D:\前端\project\mall\server\node_modules\egg-logrotator\app\schedule\rotate_by_file.js
2020-01-03 08:16:09,685 INFO 12204 [Timer] D:\前端\project\mall\server\node_modules\egg-multipart\app\schedule\clean_tmpdir.js next time will execute after 72830318ms at 2020-01-04 04:30:00.003
2020-01-03 08:16:09,686 INFO 12204 [Timer] D:\前端\project\mall\server\node_modules\egg-logrotator\app\schedule\clean_log.js next time will execute after 56630315ms at 2020-01-04 00:00:00.001
2020-01-03 08:16:09,686 INFO 12204 [Timer] D:\前端\project\mall\server\node_modules\egg-logrotator\app\schedule\rotate_by_file.js next time will execute after 56631314ms at 2020-01-04 00:00:01.000
2020-01-03 19:30:13,909 INFO 13160 [egg-schedule]: register schedule D:\前端\project\mall\server\node_modules\egg-multipart\app\schedule\clean_tmpdir.js
2020-01-03 19:30:13,910 INFO 13160 [egg-schedule]: register schedule D:\前端\project\mall\server\node_modules\egg-logrotator\app\schedule\clean_log.js
2020-01-03 19:30:13,910 INFO 13160 [egg-schedule]: register schedule D:\前端\project\mall\server\node_modules\egg-logrotator\app\schedule\rotate_by_file.js
2020-01-03 19:30:46,267 INFO 1856 [egg-schedule]: register schedule D:\前端\project\mall\server\node_modules\egg-multipart\app\schedule\clean_tmpdir.js
2020-01-03 19:30:46,267 INFO 1856 [egg-schedule]: register schedule D:\前端\project\mall\server\node_modules\egg-logrotator\app\schedule\clean_log.js
2020-01-03 19:30:46,267 INFO 1856 [egg-schedule]: register schedule D:\前端\project\mall\server\node_modules\egg-logrotator\app\schedule\rotate_by_file.js
2020-01-03 19:31:58,248 INFO 11024 [egg-schedule]: register schedule D:\前端\project\mall\server\node_modules\egg-multipart\app\schedule\clean_tmpdir.js
2020-01-03 19:31:58,248 INFO 11024 [egg-schedule]: register schedule D:\前端\project\mall\server\node_modules\egg-logrotator\app\schedule\clean_log.js
2020-01-03 19:31:58,248 INFO 11024 [egg-schedule]: register schedule D:\前端\project\mall\server\node_modules\egg-logrotator\app\schedule\rotate_by_file.js
2020-01-03 19:38:23,081 INFO 13044 [egg-schedule]: register schedule D:\前端\project\mall\server\node_modules\egg-multipart\app\schedule\clean_tmpdir.js
2020-01-03 19:38:23,081 INFO 13044 [egg-schedule]: register schedule D:\前端\project\mall\server\node_modules\egg-logrotator\app\schedule\clean_log.js
2020-01-03 19:38:23,081 INFO 13044 [egg-schedule]: register schedule D:\前端\project\mall\server\node_modules\egg-logrotator\app\schedule\rotate_by_file.js
2020-01-05 14:08:46,562 INFO 6648 [egg-schedule]: register schedule D:\前端\project\mall\server\node_modules\_egg-multipart@2.10.1@egg-multipart\app\schedule\clean_tmpdir.js
2020-01-05 14:08:46,562 INFO 6648 [egg-schedule]: register schedule D:\前端\project\mall\server\node_modules\_egg-logrotator@3.1.0@egg-logrotator\app\schedule\clean_log.js
2020-01-05 14:08:46,562 INFO 6648 [egg-schedule]: register schedule D:\前端\project\mall\server\node_modules\_egg-logrotator@3.1.0@egg-logrotator\app\schedule\rotate_by_file.js
2020-01-05 14:08:48,444 INFO 11432 [Timer] D:\前端\project\mall\server\node_modules\_egg-multipart@2.10.1@egg-multipart\app\schedule\clean_tmpdir.js next time will execute after 51671558ms at 2020-01-06 04:30:00.002
2020-01-05 14:08:48,445 INFO 11432 [Timer] D:\前端\project\mall\server\node_modules\_egg-logrotator@3.1.0@egg-logrotator\app\schedule\clean_log.js next time will execute after 35471555ms at 2020-01-06 00:00:00.000
2020-01-05 14:08:48,445 INFO 11432 [Timer] D:\前端\project\mall\server\node_modules\_egg-logrotator@3.1.0@egg-logrotator\app\schedule\rotate_by_file.js next time will execute after 35472555ms at 2020-01-06 00:00:01.000
2020-01-06 08:18:15,146 INFO 12928 [egg-schedule]: register schedule D:\前端\project\mall\server\node_modules\_egg-multipart@2.10.1@egg-multipart\app\schedule\clean_tmpdir.js
2020-01-06 08:18:15,146 INFO 12928 [egg-schedule]: register schedule D:\前端\project\mall\server\node_modules\_egg-logrotator@3.1.0@egg-logrotator\app\schedule\clean_log.js
2020-01-06 08:18:15,146 INFO 12928 [egg-schedule]: register schedule D:\前端\project\mall\server\node_modules\_egg-logrotator@3.1.0@egg-logrotator\app\schedule\rotate_by_file.js
2020-01-06 08:18:27,504 INFO 6776 [Timer] D:\前端\project\mall\server\node_modules\_egg-multipart@2.10.1@egg-multipart\app\schedule\clean_tmpdir.js next time will execute after 72692498ms at 2020-01-07 04:30:00.002
2020-01-06 08:18:27,505 INFO 6776 [Timer] D:\前端\project\mall\server\node_modules\_egg-logrotator@3.1.0@egg-logrotator\app\schedule\clean_log.js next time will execute after 56492495ms at 2020-01-07 00:00:00.000
2020-01-06 08:18:27,505 INFO 6776 [Timer] D:\前端\project\mall\server\node_modules\_egg-logrotator@3.1.0@egg-logrotator\app\schedule\rotate_by_file.js next time will execute after 56493495ms at 2020-01-07 00:00:01.000
2020-01-06 08:50:26,246 INFO 11872 [egg-schedule]: register schedule D:\前端\project\mall\server\node_modules\_egg-multipart@2.10.1@egg-multipart\app\schedule\clean_tmpdir.js
2020-01-06 08:50:26,247 INFO 11872 [egg-schedule]: register schedule D:\前端\project\mall\server\node_modules\_egg-logrotator@3.1.0@egg-logrotator\app\schedule\clean_log.js
2020-01-06 08:50:26,247 INFO 11872 [egg-schedule]: register schedule D:\前端\project\mall\server\node_modules\_egg-logrotator@3.1.0@egg-logrotator\app\schedule\rotate_by_file.js
2020-01-06 08:50:38,184 INFO 4820 [Timer] D:\前端\project\mall\server\node_modules\_egg-multipart@2.10.1@egg-multipart\app\schedule\clean_tmpdir.js next time will execute after 70761818ms at 2020-01-07 04:30:00.002
2020-01-06 08:50:38,185 INFO 4820 [Timer] D:\前端\project\mall\server\node_modules\_egg-logrotator@3.1.0@egg-logrotator\app\schedule\clean_log.js next time will execute after 54561816ms at 2020-01-07 00:00:00.001
2020-01-06 08:50:38,185 INFO 4820 [Timer] D:\前端\project\mall\server\node_modules\_egg-logrotator@3.1.0@egg-logrotator\app\schedule\rotate_by_file.js next time will execute after 54562815ms at 2020-01-07 00:00:01.000
2020-01-07 08:15:22,077 INFO 9436 [egg-schedule]: register schedule D:\前端\project\mall\server\node_modules\_egg-multipart@2.10.1@egg-multipart\app\schedule\clean_tmpdir.js
2020-01-07 08:15:22,077 INFO 9436 [egg-schedule]: register schedule D:\前端\project\mall\server\node_modules\_egg-logrotator@3.1.0@egg-logrotator\app\schedule\clean_log.js
2020-01-07 08:15:22,078 INFO 9436 [egg-schedule]: register schedule D:\前端\project\mall\server\node_modules\_egg-logrotator@3.1.0@egg-logrotator\app\schedule\rotate_by_file.js
2020-01-07 08:15:29,887 INFO 13576 [Timer] D:\前端\project\mall\server\node_modules\_egg-multipart@2.10.1@egg-multipart\app\schedule\clean_tmpdir.js next time will execute after 72870116ms at 2020-01-08 04:30:00.003
2020-01-07 08:15:29,887 INFO 13576 [Timer] D:\前端\project\mall\server\node_modules\_egg-logrotator@3.1.0@egg-logrotator\app\schedule\clean_log.js next time will execute after 56670113ms at 2020-01-08 00:00:00.000
2020-01-07 08:15:29,888 INFO 13576 [Timer] D:\前端\project\mall\server\node_modules\_egg-logrotator@3.1.0@egg-logrotator\app\schedule\rotate_by_file.js next time will execute after 56671113ms at 2020-01-08 00:00:01.000
2020-01-07 09:57:42,561 INFO 5316 [egg-schedule]: register schedule D:\前端\project\mall\server\node_modules\_egg-multipart@2.10.1@egg-multipart\app\schedule\clean_tmpdir.js
2020-01-07 09:57:42,561 INFO 5316 [egg-schedule]: register schedule D:\前端\project\mall\server\node_modules\_egg-logrotator@3.1.0@egg-logrotator\app\schedule\clean_log.js
2020-01-07 09:57:42,561 INFO 5316 [egg-schedule]: register schedule D:\前端\project\mall\server\node_modules\_egg-logrotator@3.1.0@egg-logrotator\app\schedule\rotate_by_file.js
2020-01-07 09:57:54,851 INFO 10596 [Timer] D:\前端\project\mall\server\node_modules\_egg-multipart@2.10.1@egg-multipart\app\schedule\clean_tmpdir.js next time will execute after 66725151ms at 2020-01-08 04:30:00.002
2020-01-07 09:57:54,852 INFO 10596 [Timer] D:\前端\project\mall\server\node_modules\_egg-logrotator@3.1.0@egg-logrotator\app\schedule\clean_log.js next time will execute after 50525149ms at 2020-01-08 00:00:00.001
2020-01-07 09:57:54,852 INFO 10596 [Timer] D:\前端\project\mall\server\node_modules\_egg-logrotator@3.1.0@egg-logrotator\app\schedule\rotate_by_file.js next time will execute after 50526148ms at 2020-01-08 00:00:01.000
2020-01-07 19:47:25,639 INFO 2684 [egg-schedule]: register schedule D:\前端\project\mall\server\node_modules\_egg-multipart@2.10.1@egg-multipart\app\schedule\clean_tmpdir.js
2020-01-07 19:47:25,639 INFO 2684 [egg-schedule]: register schedule D:\前端\project\mall\server\node_modules\_egg-logrotator@3.1.0@egg-logrotator\app\schedule\clean_log.js
2020-01-07 19:47:25,639 INFO 2684 [egg-schedule]: register schedule D:\前端\project\mall\server\node_modules\_egg-logrotator@3.1.0@egg-logrotator\app\schedule\rotate_by_file.js
2020-01-07 19:47:32,544 INFO 1424 [Timer] D:\前端\project\mall\server\node_modules\_egg-multipart@2.10.1@egg-multipart\app\schedule\clean_tmpdir.js next time will execute after 31347459ms at 2020-01-08 04:30:00.003
2020-01-07 19:47:32,544 INFO 1424 [Timer] D:\前端\project\mall\server\node_modules\_egg-logrotator@3.1.0@egg-logrotator\app\schedule\clean_log.js next time will execute after 15147456ms at 2020-01-08 00:00:00.000
2020-01-07 19:47:32,544 INFO 1424 [Timer] D:\前端\project\mall\server\node_modules\_egg-logrotator@3.1.0@egg-logrotator\app\schedule\rotate_by_file.js next time will execute after 15148456ms at 2020-01-08 00:00:01.000
2020-01-08 08:19:19,731 INFO 10032 [egg-schedule]: register schedule D:\前端\project\mall\server\node_modules\_egg-multipart@2.10.1@egg-multipart\app\schedule\clean_tmpdir.js
2020-01-08 08:19:19,731 INFO 10032 [egg-schedule]: register schedule D:\前端\project\mall\server\node_modules\_egg-logrotator@3.1.0@egg-logrotator\app\schedule\clean_log.js
2020-01-08 08:19:19,731 INFO 10032 [egg-schedule]: register schedule D:\前端\project\mall\server\node_modules\_egg-logrotator@3.1.0@egg-logrotator\app\schedule\rotate_by_file.js
2020-01-08 08:19:25,195 INFO 7984 [Timer] D:\前端\project\mall\server\node_modules\_egg-multipart@2.10.1@egg-multipart\app\schedule\clean_tmpdir.js next time will execute after 72634808ms at 2020-01-09 04:30:00.003
2020-01-08 08:19:25,195 INFO 7984 [Timer] D:\前端\project\mall\server\node_modules\_egg-logrotator@3.1.0@egg-logrotator\app\schedule\clean_log.js next time will execute after 56434805ms at 2020-01-09 00:00:00.000
2020-01-08 08:19:25,196 INFO 7984 [Timer] D:\前端\project\mall\server\node_modules\_egg-logrotator@3.1.0@egg-logrotator\app\schedule\rotate_by_file.js next time will execute after 56435805ms at 2020-01-09 00:00:01.001
2020-01-09 08:16:38,868 INFO 13288 [egg-schedule]: register schedule D:\前端\project\mall\server\node_modules\_egg-multipart@2.10.1@egg-multipart\app\schedule\clean_tmpdir.js
2020-01-09 08:16:38,868 INFO 13288 [egg-schedule]: register schedule D:\前端\project\mall\server\node_modules\_egg-logrotator@3.1.0@egg-logrotator\app\schedule\clean_log.js
2020-01-09 08:16:38,868 INFO 13288 [egg-schedule]: register schedule D:\前端\project\mall\server\node_modules\_egg-logrotator@3.1.0@egg-logrotator\app\schedule\rotate_by_file.js
2020-01-09 08:16:49,948 INFO 14084 [Timer] D:\前端\project\mall\server\node_modules\_egg-multipart@2.10.1@egg-multipart\app\schedule\clean_tmpdir.js next time will execute after 72790055ms at 2020-01-10 04:30:00.003
2020-01-09 08:16:49,948 INFO 14084 [Timer] D:\前端\project\mall\server\node_modules\_egg-logrotator@3.1.0@egg-logrotator\app\schedule\clean_log.js next time will execute after 56590052ms at 2020-01-10 00:00:00.000
2020-01-09 08:16:49,949 INFO 14084 [Timer] D:\前端\project\mall\server\node_modules\_egg-logrotator@3.1.0@egg-logrotator\app\schedule\rotate_by_file.js next time will execute after 56591052ms at 2020-01-10 00:00:01.001
2020-01-10 08:15:21,066 INFO 14488 [egg-schedule]: register schedule D:\前端\project\mall\server\node_modules\_egg-multipart@2.10.1@egg-multipart\app\schedule\clean_tmpdir.js
2020-01-10 08:15:21,066 INFO 14488 [egg-schedule]: register schedule D:\前端\project\mall\server\node_modules\_egg-logrotator@3.1.0@egg-logrotator\app\schedule\clean_log.js
2020-01-10 08:15:21,066 INFO 14488 [egg-schedule]: register schedule D:\前端\project\mall\server\node_modules\_egg-logrotator@3.1.0@egg-logrotator\app\schedule\rotate_by_file.js
2020-01-10 08:15:32,379 INFO 11804 [Timer] D:\前端\project\mall\server\node_modules\_egg-multipart@2.10.1@egg-multipart\app\schedule\clean_tmpdir.js next time will execute after 72867623ms at 2020-01-11 04:30:00.002
2020-01-10 08:15:32,380 INFO 11804 [Timer] D:\前端\project\mall\server\node_modules\_egg-logrotator@3.1.0@egg-logrotator\app\schedule\clean_log.js next time will execute after 56667620ms at 2020-01-11 00:00:00.000
2020-01-10 08:15:32,380 INFO 11804 [Timer] D:\前端\project\mall\server\node_modules\_egg-logrotator@3.1.0@egg-logrotator\app\schedule\rotate_by_file.js next time will execute after 56668620ms at 2020-01-11 00:00:01.000
2020-01-10 12:05:56,849 INFO 15968 [egg-schedule]: register schedule D:\前端\project\mall\server\node_modules\_egg-multipart@2.10.1@egg-multipart\app\schedule\clean_tmpdir.js
2020-01-10 12:05:56,850 INFO 15968 [egg-schedule]: register schedule D:\前端\project\mall\server\node_modules\_egg-logrotator@3.1.0@egg-logrotator\app\schedule\clean_log.js
2020-01-10 12:05:56,850 INFO 15968 [egg-schedule]: register schedule D:\前端\project\mall\server\node_modules\_egg-logrotator@3.1.0@egg-logrotator\app\schedule\rotate_by_file.js
2020-01-10 12:06:02,808 INFO 9936 [Timer] D:\前端\project\mall\server\node_modules\_egg-multipart@2.10.1@egg-multipart\app\schedule\clean_tmpdir.js next time will execute after 59037195ms at 2020-01-11 04:30:00.003
2020-01-10 12:06:02,808 INFO 9936 [Timer] D:\前端\project\mall\server\node_modules\_egg-logrotator@3.1.0@egg-logrotator\app\schedule\clean_log.js next time will execute after 42837192ms at 2020-01-11 00:00:00.000
2020-01-10 12:06:02,809 INFO 9936 [Timer] D:\前端\project\mall\server\node_modules\_egg-logrotator@3.1.0@egg-logrotator\app\schedule\rotate_by_file.js next time will execute after 42838191ms at 2020-01-11 00:00:01.000
2020-01-10 15:14:33,899 INFO 13844 [egg-schedule]: register schedule D:\前端\project\mall\server\node_modules\_egg-multipart@2.10.1@egg-multipart\app\schedule\clean_tmpdir.js
2020-01-10 15:14:33,899 INFO 13844 [egg-schedule]: register schedule D:\前端\project\mall\server\node_modules\_egg-logrotator@3.1.0@egg-logrotator\app\schedule\clean_log.js
2020-01-10 15:14:33,899 INFO 13844 [egg-schedule]: register schedule D:\前端\project\mall\server\node_modules\_egg-logrotator@3.1.0@egg-logrotator\app\schedule\rotate_by_file.js
2020-01-10 15:14:40,313 INFO 15080 [Timer] D:\前端\project\mall\server\node_modules\_egg-multipart@2.10.1@egg-multipart\app\schedule\clean_tmpdir.js next time will execute after 47719690ms at 2020-01-11 04:30:00.003
2020-01-10 15:14:40,314 INFO 15080 [Timer] D:\前端\project\mall\server\node_modules\_egg-logrotator@3.1.0@egg-logrotator\app\schedule\clean_log.js next time will execute after 31519687ms at 2020-01-11 00:00:00.001
2020-01-10 15:14:40,314 INFO 15080 [Timer] D:\前端\project\mall\server\node_modules\_egg-logrotator@3.1.0@egg-logrotator\app\schedule\rotate_by_file.js next time will execute after 31520686ms at 2020-01-11 00:00:01.000
2020-01-11 08:13:48,515 INFO 11964 [egg-schedule]: register schedule D:\前端\project\mall\server\node_modules\_egg-multipart@2.10.1@egg-multipart\app\schedule\clean_tmpdir.js
2020-01-11 08:13:48,516 INFO 11964 [egg-schedule]: register schedule D:\前端\project\mall\server\node_modules\_egg-logrotator@3.1.0@egg-logrotator\app\schedule\clean_log.js
2020-01-11 08:13:48,516 INFO 11964 [egg-schedule]: register schedule D:\前端\project\mall\server\node_modules\_egg-logrotator@3.1.0@egg-logrotator\app\schedule\rotate_by_file.js
2020-01-11 08:13:58,787 INFO 11404 [Timer] D:\前端\project\mall\server\node_modules\_egg-multipart@2.10.1@egg-multipart\app\schedule\clean_tmpdir.js next time will execute after 72961216ms at 2020-01-12 04:30:00.003
2020-01-11 08:13:58,787 INFO 11404 [Timer] D:\前端\project\mall\server\node_modules\_egg-logrotator@3.1.0@egg-logrotator\app\schedule\clean_log.js next time will execute after 56761213ms at 2020-01-12 00:00:00.000
2020-01-11 08:13:58,788 INFO 11404 [Timer] D:\前端\project\mall\server\node_modules\_egg-logrotator@3.1.0@egg-logrotator\app\schedule\rotate_by_file.js next time will execute after 56762213ms at 2020-01-12 00:00:01.001
2020-01-11 08:47:43,723 INFO 540 [egg-schedule]: register schedule D:\前端\project\mall\server\node_modules\_egg-multipart@2.10.1@egg-multipart\app\schedule\clean_tmpdir.js
2020-01-11 08:47:43,723 INFO 540 [egg-schedule]: register schedule D:\前端\project\mall\server\node_modules\_egg-logrotator@3.1.0@egg-logrotator\app\schedule\clean_log.js
2020-01-11 08:47:43,723 INFO 540 [egg-schedule]: register schedule D:\前端\project\mall\server\node_modules\_egg-logrotator@3.1.0@egg-logrotator\app\schedule\rotate_by_file.js
2020-01-11 08:47:47,985 INFO 5088 [Timer] D:\前端\project\mall\server\node_modules\_egg-multipart@2.10.1@egg-multipart\app\schedule\clean_tmpdir.js next time will execute after 70932018ms at 2020-01-12 04:30:00.003
2020-01-11 08:47:47,985 INFO 5088 [Timer] D:\前端\project\mall\server\node_modules\_egg-logrotator@3.1.0@egg-logrotator\app\schedule\clean_log.js next time will execute after 54732015ms at 2020-01-12 00:00:00.000
2020-01-11 08:47:47,986 INFO 5088 [Timer] D:\前端\project\mall\server\node_modules\_egg-logrotator@3.1.0@egg-logrotator\app\schedule\rotate_by_file.js next time will execute after 54733015ms at 2020-01-12 00:00:01.001
2020-01-13 08:24:21,684 INFO 15908 [egg-schedule]: register schedule D:\前端\project\mall\server\node_modules\_egg-multipart@2.10.1@egg-multipart\app\schedule\clean_tmpdir.js
2020-01-13 08:24:21,684 INFO 15908 [egg-schedule]: register schedule D:\前端\project\mall\server\node_modules\_egg-logrotator@3.1.0@egg-logrotator\app\schedule\clean_log.js
2020-01-13 08:24:21,684 INFO 15908 [egg-schedule]: register schedule D:\前端\project\mall\server\node_modules\_egg-logrotator@3.1.0@egg-logrotator\app\schedule\rotate_by_file.js
2020-01-13 08:24:33,478 INFO 17352 [Timer] D:\前端\project\mall\server\node_modules\_egg-multipart@2.10.1@egg-multipart\app\schedule\clean_tmpdir.js next time will execute after 72326525ms at 2020-01-14 04:30:00.003
2020-01-13 08:24:33,479 INFO 17352 [Timer] D:\前端\project\mall\server\node_modules\_egg-logrotator@3.1.0@egg-logrotator\app\schedule\clean_log.js next time will execute after 56126522ms at 2020-01-14 00:00:00.001
2020-01-13 08:24:33,479 INFO 17352 [Timer] D:\前端\project\mall\server\node_modules\_egg-logrotator@3.1.0@egg-logrotator\app\schedule\rotate_by_file.js next time will execute after 56127521ms at 2020-01-14 00:00:01.000
2020-01-13 15:14:48,080 INFO 4064 [egg-schedule]: register schedule D:\前端\project\mall\server\node_modules\_egg-multipart@2.10.1@egg-multipart\app\schedule\clean_tmpdir.js
2020-01-13 15:14:48,080 INFO 4064 [egg-schedule]: register schedule D:\前端\project\mall\server\node_modules\_egg-logrotator@3.1.0@egg-logrotator\app\schedule\clean_log.js
2020-01-13 15:14:48,080 INFO 4064 [egg-schedule]: register schedule D:\前端\project\mall\server\node_modules\_egg-logrotator@3.1.0@egg-logrotator\app\schedule\rotate_by_file.js
2020-01-13 15:14:54,840 INFO 1752 [Timer] D:\前端\project\mall\server\node_modules\_egg-multipart@2.10.1@egg-multipart\app\schedule\clean_tmpdir.js next time will execute after 47705163ms at 2020-01-14 04:30:00.003
2020-01-13 15:14:54,840 INFO 1752 [Timer] D:\前端\project\mall\server\node_modules\_egg-logrotator@3.1.0@egg-logrotator\app\schedule\clean_log.js next time will execute after 31505160ms at 2020-01-14 00:00:00.000
2020-01-13 15:14:54,841 INFO 1752 [Timer] D:\前端\project\mall\server\node_modules\_egg-logrotator@3.1.0@egg-logrotator\app\schedule\rotate_by_file.js next time will execute after 31506160ms at 2020-01-14 00:00:01.001
